{"meta": {"format": 3, "version": "7.11.0", "timestamp": "2026-03-09T16:38:53.501585", "branch_coverage": false, "show_contexts": false}, "files": {"regilattice\\gui.py": {"executed_lines": [1, 16, 18, 19, 20, 21, 22, 23, 24, 25, 26, 28, 29, 30, 31, 32, 33, 34, 35, 36, 37, 51, 53, 60, 61, 62, 63, 64, 65, 66, 67, 68, 69, 70, 71, 72, 74, 75, 76, 77, 78, 80, 81, 82, 83, 84, 85, 86, 89, 90, 91, 92, 93, 94, 95, 101, 103, 104, 106, 107, 108, 114, 115, 117, 118, 119, 120, 121, 122, 123, 124, 126, 127, 130, 132, 133, 134, 135, 136, 137, 138, 139, 140, 141, 142, 143, 144, 145, 146, 147, 148, 149, 150, 152, 153, 154, 155, 157, 161, 162, 164, 165, 168, 169, 173, 174, 178, 179, 181, 182, 184, 185, 186, 187, 198, 199, 200, 202, 203, 204, 205, 206, 207, 214, 219, 226, 231, 232, 233, 234, 235, 236, 237, 238, 239, 240, 241, 242, 243, 244, 248, 250, 251, 252, 253, 254, 255, 256, 257, 258, 259, 260, 261, 262, 264, 266, 267, 268, 269, 270, 271, 272, 273, 274, 276, 277, 279, 280, 282, 285, 286, 287, 288, 289, 290, 291, 292, 294, 295, 296, 298, 299, 300, 304, 305, 306, 309, 311, 312, 313, 314, 315, 316, 317, 318, 319, 321, 322, 323, 324, 325, 326, 327, 329, 330, 331, 332, 333, 334, 336, 337, 338, 340, 343, 344, 345, 350, 356, 357, 360, 361, 364, 365, 367, 368, 369, 370, 371, 373, 374, 375, 382, 383, 384, 391, 394, 395, 396, 403, 404, 405, 414, 415, 416, 423, 424, 434, 437, 438, 439, 446, 447, 458, 460, 467, 469, 470, 476, 477, 478, 485, 486, 489, 498, 499, 500, 501, 502, 503, 504, 505, 506, 507, 513, 514, 516, 517, 518, 520, 521, 522, 523, 524, 526, 529, 534, 535, 537, 543, 545, 551, 553, 559, 560, 563, 564, 566, 572, 578, 586, 594, 595, 597, 603, 609, 615, 621, 627, 633, 639, 646, 647, 649, 650, 653, 654, 655, 656, 657, 658, 659, 660, 661, 662, 663, 664, 665, 667, 672, 675, 676, 677, 689, 690, 691, 692, 695, 696, 701, 726, 734, 736, 738, 739, 741, 743, 744, 746, 747, 749, 750, 751, 752, 754, 760, 762, 763, 764, 765, 766, 776, 777, 779, 780, 781, 783, 785, 817, 818, 846, 852, 853, 854, 855, 858, 859, 860, 861, 862, 863, 864, 866, 867, 868, 869, 871, 872, 873, 874, 875, 876, 877, 878, 880, 881, 882, 883, 884, 885, 898, 899, 900, 901, 902, 906, 907, 908, 909, 910, 912, 913, 914, 915, 917, 918, 919, 920, 921, 923, 924, 925, 926, 927, 929, 931, 932, 933, 935, 936, 946, 947, 948, 949, 950, 951, 952, 955, 956, 957, 958, 959, 960, 961, 962, 963, 964, 965, 966, 968, 969, 971, 973, 976, 977, 978, 980, 981, 982, 983, 985, 986, 987, 988, 989, 990, 993, 994, 996, 997, 998, 999, 1000, 1002, 1005, 1006, 1008, 1009, 1010, 1011, 1014, 1015, 1017, 1019, 1020, 1022, 1023, 1025, 1026, 1030, 1032, 1034, 1036, 1037, 1038, 1039, 1040, 1041, 1042, 1043, 1044, 1045, 1046, 1047, 1051, 1053, 1054, 1055, 1056, 1060, 1062, 1063, 1064, 1066, 1067, 1068, 1069, 1071, 1073, 1074, 1075, 1076, 1077, 1078, 1079, 1080, 1081, 1082, 1083, 1084, 1086, 1088, 1089, 1090, 1092, 1094, 1100, 1101, 1102, 1103, 1105, 1106, 1107, 1108, 1112, 1114, 1115, 1116, 1117, 1119, 1120, 1122, 1124, 1125, 1126, 1127, 1131, 1132, 1136, 1138, 1139, 1140, 1141, 1143, 1144, 1146, 1148, 1150, 1151, 1152, 1154, 1156, 1157, 1158, 1159, 1163, 1165, 1175, 1177, 1181, 1183, 1187, 1189, 1191, 1192, 1193, 1194, 1198, 1200, 1201, 1202, 1203, 1204, 1208, 1209, 1217, 1219, 1221, 1226, 1230, 1232, 1234, 1236, 1241, 1245, 1247, 1248, 1254, 1255, 1256, 1257, 1258, 1259, 1260, 1261, 1262, 1263, 1264, 1265, 1266, 1267, 1268, 1270, 1272, 1273, 1274, 1275, 1276, 1277, 1278, 1279, 1280, 1281, 1282, 1283, 1284, 1285, 1286, 1287, 1288, 1289, 1290, 1291, 1293, 1294, 1295, 1296, 1297, 1298, 1299, 1300, 1301, 1302, 1303, 1304, 1305, 1307, 1308, 1309, 1310, 1311, 1312, 1313, 1314, 1315, 1316, 1317, 1319, 1320, 1324, 1326, 1327, 1328, 1329, 1330, 1331, 1333, 1334, 1335, 1336, 1338, 1339, 1340, 1341, 1342, 1344, 1345, 1346, 1347, 1348, 1354, 1355, 1356, 1357, 1358, 1360, 1361, 1363, 1367, 1371, 1373, 1374, 1375, 1376, 1377, 1378, 1379, 1380, 1381, 1382, 1383, 1384, 1385, 1386, 1390, 1391, 1401, 1402, 1403, 1404, 1405, 1407, 1408, 1409, 1410, 1411, 1413, 1415, 1416, 1417, 1419, 1420, 1425, 1426, 1427, 1428, 1429, 1430, 1431, 1432, 1433, 1434, 1435, 1436, 1437, 1438, 1439, 1440, 1441, 1442, 1446, 1448, 1452, 1454, 1458, 1459, 1465, 1466, 1467, 1468, 1469, 1470, 1471, 1473, 1474, 1478, 1479, 1481, 1485, 1487, 1489, 1503, 1507, 1509, 1510, 1511, 1512, 1514, 1515, 1516, 1517, 1518, 1519, 1521, 1522, 1523, 1524, 1526, 1527, 1528, 1529, 1531, 1532, 1533, 1534, 1535, 1537, 1538, 1539, 1540, 1541, 1543, 1545, 1546, 1547, 1549, 1550, 1552, 1554, 1555, 1556, 1557, 1558, 1559, 1561, 1562, 1563, 1564, 1565, 1566, 1567, 1568, 1569, 1570, 1571, 1572, 1578, 1579, 1580, 1581, 1582, 1583, 1584, 1585, 1586, 1587, 1588, 1590, 1591, 1595, 1596, 1597, 1598, 1599, 1600, 1602, 1603, 1604, 1607, 1608, 1609, 1611, 1613, 1614, 1615, 1616, 1617, 1618, 1619, 1620, 1621, 1625, 1626, 1627, 1628, 1630, 1635, 1637, 1638, 1639, 1640, 1642, 1644, 1645, 1646, 1647, 1648, 1649, 1650, 1651, 1653, 1655, 1656, 1658, 1659, 1660, 1661, 1662, 1663, 1670, 1671, 1672, 1673, 1674, 1678, 1679, 1681, 1682, 1683, 1684, 1685, 1686, 1687, 1688, 1690, 1692, 1693, 1694, 1695, 1699, 1701, 1702, 1703, 1704, 1706, 1709, 1711, 1713, 1714, 1715, 1716, 1717, 1718, 1720, 1721, 1723, 1725, 1733, 1735, 1736, 1737, 1738, 1739, 1745, 1777, 1787, 1793, 1802, 1804, 1805, 1806, 1807, 1808, 1809, 1810, 1811, 1815, 1817, 1818, 1819, 1821, 1822, 1823, 1824, 1825, 1826, 1828, 1830, 1834, 1836, 1837, 1838, 1839, 1840, 1841, 1842, 1847, 1848, 1849, 1850, 1851, 1852, 1854, 1856, 1858, 1859, 1860, 1861, 1865, 1866, 1868, 1869, 1870, 1871, 1872, 1873, 1874, 1878, 1879, 1881, 1882, 1883, 1884, 1885, 1886, 1887, 1889, 1891, 1892, 1893, 1895, 1896, 1897, 1898, 1899, 1900, 1902, 1904, 1905, 1906, 1912, 1914, 1920, 1921, 1922, 1926, 1928, 1929, 1930, 1931, 1932, 1933, 1935, 1936, 1937, 1938, 1939, 1940, 1942, 1943, 1945, 1946, 1947, 1948, 1950, 1951, 1952, 1953, 1957, 1962, 1964, 1965, 1966, 1967, 1968], "summary": {"covered_lines": 1042, "num_statements": 1199, "percent_covered": 86.90575479566306, "percent_covered_display": "87", "missing_lines": 157, "excluded_lines": 0}, "missing_lines": [170, 172, 193, 194, 275, 527, 709, 712, 714, 715, 717, 718, 720, 721, 722, 723, 724, 728, 729, 730, 731, 732, 745, 748, 756, 757, 758, 787, 788, 789, 790, 791, 798, 799, 800, 801, 802, 803, 804, 805, 806, 808, 809, 810, 812, 813, 815, 819, 821, 822, 824, 825, 826, 827, 828, 829, 830, 834, 836, 838, 840, 841, 842, 844, 856, 857, 870, 879, 886, 887, 888, 889, 890, 891, 893, 894, 895, 896, 897, 967, 991, 1003, 1004, 1012, 1222, 1223, 1224, 1227, 1228, 1237, 1238, 1239, 1242, 1243, 1364, 1365, 1490, 1491, 1492, 1493, 1494, 1495, 1496, 1497, 1498, 1499, 1500, 1501, 1542, 1544, 1592, 1629, 1696, 1697, 1727, 1729, 1740, 1741, 1742, 1743, 1747, 1748, 1749, 1751, 1759, 1768, 1769, 1770, 1771, 1773, 1774, 1775, 1779, 1780, 1781, 1782, 1783, 1784, 1785, 1789, 1790, 1791, 1795, 1796, 1797, 1798, 1812, 1813, 1820, 1853, 1862, 1863, 1907, 1908, 1923, 1924, 1959], "excluded_lines": [], "functions": {"_try_import": {"executed_lines": [103, 104, 106, 107, 108], "summary": {"covered_lines": 5, "num_statements": 5, "percent_covered": 100.0, "percent_covered_display": "100", "missing_lines": 0, "excluded_lines": 0}, "missing_lines": [], "excluded_lines": []}, "RegiLatticeGUI.__init__": {"executed_lines": [118, 119, 120, 121, 122, 123, 124, 126, 127, 130, 132, 133, 134, 135, 136, 137, 138, 139, 140, 141, 142, 143, 144, 145, 146, 147, 148, 149, 150, 152, 153, 154, 155, 157], "summary": {"covered_lines": 34, "num_statements": 34, "percent_covered": 100.0, "percent_covered_display": "100", "missing_lines": 0, "excluded_lines": 0}, "missing_lines": [], "excluded_lines": []}, "RegiLatticeGUI._enable_dpi_awareness": {"executed_lines": [164, 165, 168, 169, 173, 174], "summary": {"covered_lines": 6, "num_statements": 8, "percent_covered": 75.0, "percent_covered_display": "75", "missing_lines": 2, "excluded_lines": 0}, "missing_lines": [170, 172], "excluded_lines": []}, "RegiLatticeGUI._apply_win11_dark_titlebar": {"executed_lines": [181, 182, 184, 185, 186, 187], "summary": {"covered_lines": 6, "num_statements": 8, "percent_covered": 75.0, "percent_covered_display": "75", "missing_lines": 2, "excluded_lines": 0}, "missing_lines": [193, 194], "excluded_lines": []}, "RegiLatticeGUI._setup_styles": {"executed_lines": [199, 200, 202, 203, 204, 205, 206, 207, 214, 219, 226, 231, 232, 233, 234, 235, 236, 237, 238, 239, 240, 241, 242, 243, 244], "summary": {"covered_lines": 25, "num_statements": 25, "percent_covered": 100.0, "percent_covered_display": "100", "missing_lines": 0, "excluded_lines": 0}, "missing_lines": [], "excluded_lines": []}, "RegiLatticeGUI._bind_shortcuts": {"executed_lines": [250, 251, 252, 253, 254, 255, 256, 257, 258, 259, 260, 261, 262], "summary": {"covered_lines": 13, "num_statements": 13, "percent_covered": 100.0, "percent_covered_display": "100", "missing_lines": 0, "excluded_lines": 0}, "missing_lines": [], "excluded_lines": []}, "RegiLatticeGUI._navigate_rows": {"executed_lines": [266, 267, 268, 269, 270, 271, 272, 273, 274, 276, 277, 279, 280], "summary": {"covered_lines": 13, "num_statements": 14, "percent_covered": 92.85714285714286, "percent_covered_display": "93", "missing_lines": 1, "excluded_lines": 0}, "missing_lines": [275], "excluded_lines": []}, "RegiLatticeGUI._toggle_focused_row": {"executed_lines": [285, 286, 287, 288, 289, 290, 291, 292], "summary": {"covered_lines": 8, "num_statements": 8, "percent_covered": 100.0, "percent_covered_display": "100", "missing_lines": 0, "excluded_lines": 0}, "missing_lines": [], "excluded_lines": []}, "RegiLatticeGUI._focus_search": {"executed_lines": [295, 296], "summary": {"covered_lines": 2, "num_statements": 2, "percent_covered": 100.0, "percent_covered_display": "100", "missing_lines": 0, "excluded_lines": 0}, "missing_lines": [], "excluded_lines": []}, "RegiLatticeGUI._clear_search": {"executed_lines": [299, 300], "summary": {"covered_lines": 2, "num_statements": 2, "percent_covered": 100.0, "percent_covered_display": "100", "missing_lines": 0, "excluded_lines": 0}, "missing_lines": [], "excluded_lines": []}, "RegiLatticeGUI._build_ui": {"executed_lines": [305, 306, 309, 311, 312, 313, 314, 315, 316, 317, 318, 319, 321, 322, 323, 324, 325, 326, 327, 329, 330, 331, 332, 333, 334, 336, 337, 338, 340, 343, 344, 345, 350, 356, 357, 360, 361, 364, 365, 367, 368, 369, 370, 371, 373, 374, 375, 382, 383, 384, 391, 394, 395, 396, 403, 404, 405, 414, 415, 416, 423, 424, 434, 437, 438, 439, 446, 447, 458, 460, 467, 469, 470, 476, 477, 478, 485, 486, 489, 498, 499, 500, 501, 502, 503, 504, 505, 506, 507, 513, 514, 516, 517, 518, 520, 521, 522, 523, 524, 526, 529, 534, 535, 537, 543, 545, 551, 553, 559, 560, 563, 564, 566, 572, 578, 586, 594, 595, 597, 603, 609, 615, 621, 627, 633, 639, 646, 647, 649, 650, 653, 654, 655, 656, 657, 658, 659, 660, 661, 662, 663, 664, 665, 667, 672, 675, 676, 677, 689, 690, 691, 692, 695, 696], "summary": {"covered_lines": 154, "num_statements": 154, "percent_covered": 100.0, "percent_covered_display": "100", "missing_lines": 0, "excluded_lines": 0}, "missing_lines": [], "excluded_lines": []}, "RegiLatticeGUI._build_ui._on_mousewheel": {"executed_lines": [], "summary": {"covered_lines": 0, "num_statements": 1, "percent_covered": 0.0, "percent_covered_display": "0", "missing_lines": 1, "excluded_lines": 0}, "missing_lines": [527], "excluded_lines": []}, "RegiLatticeGUI._deferred_init": {"executed_lines": [], "summary": {"covered_lines": 0, "num_statements": 11, "percent_covered": 0.0, "percent_covered_display": "0", "missing_lines": 11, "excluded_lines": 0}, "missing_lines": [709, 712, 714, 715, 717, 718, 720, 721, 722, 723, 724], "excluded_lines": []}, "RegiLatticeGUI._hw_detect_worker": {"executed_lines": [], "summary": {"covered_lines": 0, "num_statements": 5, "percent_covered": 0.0, "percent_covered_display": "0", "missing_lines": 5, "excluded_lines": 0}, "missing_lines": [728, 729, 730, 731, 732], "excluded_lines": []}, "RegiLatticeGUI._apply_hw_result": {"executed_lines": [736, 738, 739, 741, 743, 744, 746, 747, 749, 750, 751, 752], "summary": {"covered_lines": 12, "num_statements": 14, "percent_covered": 85.71428571428571, "percent_covered_display": "86", "missing_lines": 2, "excluded_lines": 0}, "missing_lines": [745, 748], "excluded_lines": []}, "RegiLatticeGUI._corp_check_worker": {"executed_lines": [], "summary": {"covered_lines": 0, "num_statements": 3, "percent_covered": 0.0, "percent_covered_display": "0", "missing_lines": 3, "excluded_lines": 0}, "missing_lines": [756, 757, 758], "excluded_lines": []}, "RegiLatticeGUI._apply_corp_result": {"executed_lines": [762, 763, 764, 765, 766, 776, 777, 779, 780, 781], "summary": {"covered_lines": 10, "num_statements": 10, "percent_covered": 100.0, "percent_covered_display": "100", "missing_lines": 0, "excluded_lines": 0}, "missing_lines": [], "excluded_lines": []}, "RegiLatticeGUI._populate_batch": {"executed_lines": [], "summary": {"covered_lines": 0, "num_statements": 20, "percent_covered": 0.0, "percent_covered_display": "0", "missing_lines": 20, "excluded_lines": 0}, "missing_lines": [787, 788, 789, 790, 791, 798, 799, 800, 801, 802, 803, 804, 805, 806, 808, 809, 810, 812, 813, 815], "excluded_lines": []}, "RegiLatticeGUI._finish_loading": {"executed_lines": [], "summary": {"covered_lines": 0, "num_statements": 17, "percent_covered": 0.0, "percent_covered_display": "0", "missing_lines": 17, "excluded_lines": 0}, "missing_lines": [819, 821, 822, 824, 825, 826, 827, 828, 829, 830, 834, 836, 838, 840, 841, 842, 844], "excluded_lines": []}, "RegiLatticeGUI._wire_section_bindings": {"executed_lines": [852, 853, 854, 855, 858, 859, 860, 861, 862, 863, 864, 866, 867, 868, 869, 871, 872, 873, 874, 875, 876, 877, 878, 880, 881, 882, 883, 884, 885, 898, 899, 900, 901, 902], "summary": {"covered_lines": 34, "num_statements": 49, "percent_covered": 69.38775510204081, "percent_covered_display": "69", "missing_lines": 15, "excluded_lines": 0}, "missing_lines": [856, 857, 870, 879, 886, 887, 888, 889, 890, 891, 893, 894, 895, 896, 897], "excluded_lines": []}, "RegiLatticeGUI._select_all": {"executed_lines": [907, 908, 909, 910], "summary": {"covered_lines": 4, "num_statements": 4, "percent_covered": 100.0, "percent_covered_display": "100", "missing_lines": 0, "excluded_lines": 0}, "missing_lines": [], "excluded_lines": []}, "RegiLatticeGUI._deselect_all": {"executed_lines": [913, 914, 915], "summary": {"covered_lines": 3, "num_statements": 3, "percent_covered": 100.0, "percent_covered_display": "100", "missing_lines": 0, "excluded_lines": 0}, "missing_lines": [], "excluded_lines": []}, "RegiLatticeGUI._collapse_all": {"executed_lines": [918, 919, 920, 921], "summary": {"covered_lines": 4, "num_statements": 4, "percent_covered": 100.0, "percent_covered_display": "100", "missing_lines": 0, "excluded_lines": 0}, "missing_lines": [], "excluded_lines": []}, "RegiLatticeGUI._expand_all": {"executed_lines": [924, 925, 926, 927], "summary": {"covered_lines": 4, "num_statements": 4, "percent_covered": 100.0, "percent_covered_display": "100", "missing_lines": 0, "excluded_lines": 0}, "missing_lines": [], "excluded_lines": []}, "RegiLatticeGUI._debounce_filter": {"executed_lines": [931, 932, 933], "summary": {"covered_lines": 3, "num_statements": 3, "percent_covered": 100.0, "percent_covered_display": "100", "missing_lines": 0, "excluded_lines": 0}, "missing_lines": [], "excluded_lines": []}, "RegiLatticeGUI._filter_rows": {"executed_lines": [946, 947, 948, 949, 950, 951, 952, 955, 956, 957, 958, 959, 960, 961, 962, 963, 964, 965, 966, 968, 969, 971, 973, 976, 977, 978, 980, 981, 982, 983, 985, 986, 987, 988, 989, 990, 993, 994, 996, 997, 998, 999, 1000, 1002, 1005, 1006, 1008, 1009, 1010, 1011, 1014, 1015], "summary": {"covered_lines": 52, "num_statements": 57, "percent_covered": 91.2280701754386, "percent_covered_display": "91", "missing_lines": 5, "excluded_lines": 0}, "missing_lines": [967, 991, 1003, 1004, 1012], "excluded_lines": []}, "RegiLatticeGUI._update_selection_count": {"executed_lines": [1019, 1020], "summary": {"covered_lines": 2, "num_statements": 2, "percent_covered": 100.0, "percent_covered_display": "100", "missing_lines": 0, "excluded_lines": 0}, "missing_lines": [], "excluded_lines": []}, "RegiLatticeGUI._set_status": {"executed_lines": [1023], "summary": {"covered_lines": 1, "num_statements": 1, "percent_covered": 100.0, "percent_covered_display": "100", "missing_lines": 0, "excluded_lines": 0}, "missing_lines": [], "excluded_lines": []}, "RegiLatticeGUI._selected_tweaks": {"executed_lines": [1026], "summary": {"covered_lines": 1, "num_statements": 1, "percent_covered": 100.0, "percent_covered_display": "100", "missing_lines": 0, "excluded_lines": 0}, "missing_lines": [], "excluded_lines": []}, "RegiLatticeGUI._on_row_click": {"executed_lines": [1032], "summary": {"covered_lines": 1, "num_statements": 1, "percent_covered": 100.0, "percent_covered_display": "100", "missing_lines": 0, "excluded_lines": 0}, "missing_lines": [], "excluded_lines": []}, "RegiLatticeGUI._on_shift_click": {"executed_lines": [1036, 1037, 1038, 1039, 1040, 1041, 1042, 1043, 1044, 1045, 1046, 1047], "summary": {"covered_lines": 12, "num_statements": 12, "percent_covered": 100.0, "percent_covered_display": "100", "missing_lines": 0, "excluded_lines": 0}, "missing_lines": [], "excluded_lines": []}, "RegiLatticeGUI._invert_selection": {"executed_lines": [1053, 1054, 1055, 1056], "summary": {"covered_lines": 4, "num_statements": 4, "percent_covered": 100.0, "percent_covered_display": "100", "missing_lines": 0, "excluded_lines": 0}, "missing_lines": [], "excluded_lines": []}, "RegiLatticeGUI._toggle_log_panel": {"executed_lines": [1062, 1063, 1064, 1066, 1067, 1068, 1069], "summary": {"covered_lines": 7, "num_statements": 7, "percent_covered": 100.0, "percent_covered_display": "100", "missing_lines": 0, "excluded_lines": 0}, "missing_lines": [], "excluded_lines": []}, "RegiLatticeGUI._refresh_log": {"executed_lines": [1073, 1074, 1075, 1076, 1077, 1078, 1079, 1080, 1081, 1082, 1083, 1084], "summary": {"covered_lines": 12, "num_statements": 12, "percent_covered": 100.0, "percent_covered_display": "100", "missing_lines": 0, "excluded_lines": 0}, "missing_lines": [], "excluded_lines": []}, "RegiLatticeGUI._auto_refresh_log": {"executed_lines": [1088, 1089, 1090], "summary": {"covered_lines": 3, "num_statements": 3, "percent_covered": 100.0, "percent_covered_display": "100", "missing_lines": 0, "excluded_lines": 0}, "missing_lines": [], "excluded_lines": []}, "RegiLatticeGUI._export_log": {"executed_lines": [1094, 1100, 1101, 1102, 1103, 1105, 1106, 1107, 1108], "summary": {"covered_lines": 9, "num_statements": 9, "percent_covered": 100.0, "percent_covered_display": "100", "missing_lines": 0, "excluded_lines": 0}, "missing_lines": [], "excluded_lines": []}, "RegiLatticeGUI._show_context_menu": {"executed_lines": [1114, 1115, 1116, 1117, 1119, 1120, 1122, 1124, 1125, 1126, 1127, 1131, 1132, 1136, 1138, 1139, 1140, 1141, 1143, 1144, 1146], "summary": {"covered_lines": 21, "num_statements": 21, "percent_covered": 100.0, "percent_covered_display": "100", "missing_lines": 0, "excluded_lines": 0}, "missing_lines": [], "excluded_lines": []}, "RegiLatticeGUI._copy_to_clipboard": {"executed_lines": [1150, 1151, 1152], "summary": {"covered_lines": 3, "num_statements": 3, "percent_covered": 100.0, "percent_covered_display": "100", "missing_lines": 0, "excluded_lines": 0}, "missing_lines": [], "excluded_lines": []}, "RegiLatticeGUI._select_category": {"executed_lines": [1156, 1157, 1158, 1159], "summary": {"covered_lines": 4, "num_statements": 4, "percent_covered": 100.0, "percent_covered_display": "100", "missing_lines": 0, "excluded_lines": 0}, "missing_lines": [], "excluded_lines": []}, "RegiLatticeGUI._import_json_selection": {"executed_lines": [1165], "summary": {"covered_lines": 1, "num_statements": 1, "percent_covered": 100.0, "percent_covered_display": "100", "missing_lines": 0, "excluded_lines": 0}, "missing_lines": [], "excluded_lines": []}, "RegiLatticeGUI._open_scoop_manager": {"executed_lines": [1177], "summary": {"covered_lines": 1, "num_statements": 1, "percent_covered": 100.0, "percent_covered_display": "100", "missing_lines": 0, "excluded_lines": 0}, "missing_lines": [], "excluded_lines": []}, "RegiLatticeGUI._open_psmodule_manager": {"executed_lines": [1183], "summary": {"covered_lines": 1, "num_statements": 1, "percent_covered": 100.0, "percent_covered_display": "100", "missing_lines": 0, "excluded_lines": 0}, "missing_lines": [], "excluded_lines": []}, "RegiLatticeGUI._show_about": {"executed_lines": [1189, 1191, 1192, 1193, 1194], "summary": {"covered_lines": 5, "num_statements": 5, "percent_covered": 100.0, "percent_covered_display": "100", "missing_lines": 0, "excluded_lines": 0}, "missing_lines": [], "excluded_lines": []}, "RegiLatticeGUI._batch_category": {"executed_lines": [1200, 1201, 1202, 1203, 1204, 1208, 1209], "summary": {"covered_lines": 7, "num_statements": 7, "percent_covered": 100.0, "percent_covered_display": "100", "missing_lines": 0, "excluded_lines": 0}, "missing_lines": [], "excluded_lines": []}, "RegiLatticeGUI._initial_refresh": {"executed_lines": [1219, 1221, 1226, 1230], "summary": {"covered_lines": 4, "num_statements": 4, "percent_covered": 100.0, "percent_covered_display": "100", "missing_lines": 0, "excluded_lines": 0}, "missing_lines": [], "excluded_lines": []}, "RegiLatticeGUI._initial_refresh._on_progress": {"executed_lines": [], "summary": {"covered_lines": 0, "num_statements": 3, "percent_covered": 0.0, "percent_covered_display": "0", "missing_lines": 3, "excluded_lines": 0}, "missing_lines": [1222, 1223, 1224], "excluded_lines": []}, "RegiLatticeGUI._initial_refresh._worker": {"executed_lines": [], "summary": {"covered_lines": 0, "num_statements": 2, "percent_covered": 0.0, "percent_covered_display": "0", "missing_lines": 2, "excluded_lines": 0}, "missing_lines": [1227, 1228], "excluded_lines": []}, "RegiLatticeGUI._refresh_status_all": {"executed_lines": [1234, 1236, 1241, 1245], "summary": {"covered_lines": 4, "num_statements": 4, "percent_covered": 100.0, "percent_covered_display": "100", "missing_lines": 0, "excluded_lines": 0}, "missing_lines": [], "excluded_lines": []}, "RegiLatticeGUI._refresh_status_all._on_progress": {"executed_lines": [], "summary": {"covered_lines": 0, "num_statements": 3, "percent_covered": 0.0, "percent_covered_display": "0", "missing_lines": 3, "excluded_lines": 0}, "missing_lines": [1237, 1238, 1239], "excluded_lines": []}, "RegiLatticeGUI._refresh_status_all._worker": {"executed_lines": [], "summary": {"covered_lines": 0, "num_statements": 2, "percent_covered": 0.0, "percent_covered_display": "0", "missing_lines": 2, "excluded_lines": 0}, "missing_lines": [1242, 1243], "excluded_lines": []}, "RegiLatticeGUI._apply_statuses": {"executed_lines": [1254, 1255, 1256, 1257, 1258, 1259, 1260, 1261, 1262, 1263, 1264, 1265, 1266, 1267, 1268, 1270, 1272, 1273, 1274, 1275, 1276, 1277, 1278, 1279, 1280, 1281, 1282, 1283, 1284, 1285, 1286, 1287, 1288, 1289, 1290, 1291, 1293, 1294, 1295, 1296, 1297, 1298, 1299, 1300, 1301, 1302, 1303, 1304, 1305, 1307, 1308, 1309, 1310, 1311, 1312, 1313, 1314, 1315, 1316, 1317, 1319, 1320], "summary": {"covered_lines": 62, "num_statements": 62, "percent_covered": 100.0, "percent_covered_display": "100", "missing_lines": 0, "excluded_lines": 0}, "missing_lines": [], "excluded_lines": []}, "RegiLatticeGUI._toggle_single": {"executed_lines": [1326, 1327, 1328, 1329, 1330, 1331, 1333, 1334, 1335, 1336, 1338, 1339, 1340, 1341, 1342, 1344, 1367], "summary": {"covered_lines": 17, "num_statements": 17, "percent_covered": 100.0, "percent_covered_display": "100", "missing_lines": 0, "excluded_lines": 0}, "missing_lines": [], "excluded_lines": []}, "RegiLatticeGUI._toggle_single._worker": {"executed_lines": [1345, 1346, 1347, 1348, 1354, 1355, 1356, 1357, 1358, 1360, 1361, 1363], "summary": {"covered_lines": 12, "num_statements": 14, "percent_covered": 85.71428571428571, "percent_covered_display": "86", "missing_lines": 2, "excluded_lines": 0}, "missing_lines": [1364, 1365], "excluded_lines": []}, "RegiLatticeGUI._apply_profile_selection": {"executed_lines": [1373, 1374, 1375, 1376, 1377, 1378, 1379, 1380, 1381, 1382, 1383, 1384, 1385, 1386], "summary": {"covered_lines": 14, "num_statements": 14, "percent_covered": 100.0, "percent_covered_display": "100", "missing_lines": 0, "excluded_lines": 0}, "missing_lines": [], "excluded_lines": []}, "RegiLatticeGUI._switch_theme": {"executed_lines": [1401, 1402, 1403, 1404, 1405, 1407, 1408, 1409, 1410, 1411, 1413, 1415, 1416, 1417], "summary": {"covered_lines": 14, "num_statements": 14, "percent_covered": 100.0, "percent_covered_display": "100", "missing_lines": 0, "excluded_lines": 0}, "missing_lines": [], "excluded_lines": []}, "RegiLatticeGUI._reload_theme_aliases": {"executed_lines": [1425, 1426, 1427, 1428, 1429, 1430, 1431, 1432, 1433, 1434, 1435, 1436, 1437, 1438, 1439, 1440, 1441, 1442], "summary": {"covered_lines": 18, "num_statements": 18, "percent_covered": 100.0, "percent_covered_display": "100", "missing_lines": 0, "excluded_lines": 0}, "missing_lines": [], "excluded_lines": []}, "RegiLatticeGUI._export_powershell": {"executed_lines": [1448], "summary": {"covered_lines": 1, "num_statements": 1, "percent_covered": 100.0, "percent_covered_display": "100", "missing_lines": 0, "excluded_lines": 0}, "missing_lines": [], "excluded_lines": []}, "RegiLatticeGUI._export_json_selection": {"executed_lines": [1454], "summary": {"covered_lines": 1, "num_statements": 1, "percent_covered": 100.0, "percent_covered_display": "100", "missing_lines": 0, "excluded_lines": 0}, "missing_lines": [], "excluded_lines": []}, "RegiLatticeGUI._save_snapshot": {"executed_lines": [1459, 1465, 1466, 1467, 1468, 1469, 1470, 1471], "summary": {"covered_lines": 8, "num_statements": 8, "percent_covered": 100.0, "percent_covered_display": "100", "missing_lines": 0, "excluded_lines": 0}, "missing_lines": [], "excluded_lines": []}, "RegiLatticeGUI._restore_snapshot": {"executed_lines": [1474, 1478, 1479, 1481, 1485, 1487, 1489, 1503], "summary": {"covered_lines": 8, "num_statements": 8, "percent_covered": 100.0, "percent_covered_display": "100", "missing_lines": 0, "excluded_lines": 0}, "missing_lines": [], "excluded_lines": []}, "RegiLatticeGUI._restore_snapshot._worker": {"executed_lines": [], "summary": {"covered_lines": 0, "num_statements": 12, "percent_covered": 0.0, "percent_covered_display": "0", "missing_lines": 12, "excluded_lines": 0}, "missing_lines": [1490, 1491, 1492, 1493, 1494, 1495, 1496, 1497, 1498, 1499, 1500, 1501], "excluded_lines": []}, "RegiLatticeGUI._dispatch": {"executed_lines": [1509, 1510, 1511, 1512, 1514, 1515, 1516, 1517, 1518, 1519, 1521, 1522, 1523, 1524, 1526, 1527, 1528, 1529, 1531, 1532, 1533, 1534, 1535, 1537, 1538, 1539, 1540, 1541, 1543, 1545, 1546, 1547, 1549, 1550], "summary": {"covered_lines": 34, "num_statements": 36, "percent_covered": 94.44444444444444, "percent_covered_display": "94", "missing_lines": 2, "excluded_lines": 0}, "missing_lines": [1542, 1544], "excluded_lines": []}, "RegiLatticeGUI._set_running": {"executed_lines": [1554, 1555, 1556, 1557, 1558, 1559], "summary": {"covered_lines": 6, "num_statements": 6, "percent_covered": 100.0, "percent_covered_display": "100", "missing_lines": 0, "excluded_lines": 0}, "missing_lines": [], "excluded_lines": []}, "RegiLatticeGUI._run_tweaks": {"executed_lines": [1562, 1563, 1564, 1565, 1566, 1567, 1568, 1569, 1570, 1571, 1572, 1578, 1579, 1580, 1581, 1582, 1583, 1584, 1585, 1586, 1587, 1588, 1590, 1591, 1595, 1596, 1597, 1598, 1599, 1600, 1602, 1603, 1604, 1607, 1608, 1609, 1611, 1613, 1614, 1615, 1616, 1617, 1618, 1619, 1620, 1621, 1625, 1626, 1627, 1628, 1630], "summary": {"covered_lines": 51, "num_statements": 53, "percent_covered": 96.22641509433963, "percent_covered_display": "96", "missing_lines": 2, "excluded_lines": 0}, "missing_lines": [1592, 1629], "excluded_lines": []}, "RegiLatticeGUI._offer_rollback": {"executed_lines": [1637, 1638, 1639, 1640], "summary": {"covered_lines": 4, "num_statements": 4, "percent_covered": 100.0, "percent_covered_display": "100", "missing_lines": 0, "excluded_lines": 0}, "missing_lines": [], "excluded_lines": []}, "RegiLatticeGUI._undo_last": {"executed_lines": [1644, 1645, 1646, 1647, 1648, 1649, 1650, 1651], "summary": {"covered_lines": 8, "num_statements": 8, "percent_covered": 100.0, "percent_covered_display": "100", "missing_lines": 0, "excluded_lines": 0}, "missing_lines": [], "excluded_lines": []}, "RegiLatticeGUI._dispatch_raw": {"executed_lines": [1655, 1656], "summary": {"covered_lines": 2, "num_statements": 2, "percent_covered": 100.0, "percent_covered_display": "100", "missing_lines": 0, "excluded_lines": 0}, "missing_lines": [], "excluded_lines": []}, "RegiLatticeGUI._run_restore_point": {"executed_lines": [1659, 1660, 1661, 1662, 1663, 1670, 1671, 1672, 1673, 1674], "summary": {"covered_lines": 10, "num_statements": 10, "percent_covered": 100.0, "percent_covered_display": "100", "missing_lines": 0, "excluded_lines": 0}, "missing_lines": [], "excluded_lines": []}, "RegiLatticeGUI._load_geometry": {"executed_lines": [1681, 1682, 1683, 1684, 1685, 1686, 1687, 1688], "summary": {"covered_lines": 8, "num_statements": 8, "percent_covered": 100.0, "percent_covered_display": "100", "missing_lines": 0, "excluded_lines": 0}, "missing_lines": [], "excluded_lines": []}, "RegiLatticeGUI._save_geometry": {"executed_lines": [1692, 1693, 1694, 1695], "summary": {"covered_lines": 4, "num_statements": 6, "percent_covered": 66.66666666666667, "percent_covered_display": "67", "missing_lines": 2, "excluded_lines": 0}, "missing_lines": [1696, 1697], "excluded_lines": []}, "RegiLatticeGUI._on_close": {"executed_lines": [1701, 1702, 1703, 1704], "summary": {"covered_lines": 4, "num_statements": 4, "percent_covered": 100.0, "percent_covered_display": "100", "missing_lines": 0, "excluded_lines": 0}, "missing_lines": [], "excluded_lines": []}, "RegiLatticeGUI._quit": {"executed_lines": [1709, 1711, 1713, 1723], "summary": {"covered_lines": 4, "num_statements": 4, "percent_covered": 100.0, "percent_covered_display": "100", "missing_lines": 0, "excluded_lines": 0}, "missing_lines": [], "excluded_lines": []}, "RegiLatticeGUI._quit._save_and_destroy": {"executed_lines": [1714, 1715, 1716, 1717, 1718, 1720, 1721], "summary": {"covered_lines": 7, "num_statements": 7, "percent_covered": 100.0, "percent_covered_display": "100", "missing_lines": 0, "excluded_lines": 0}, "missing_lines": [], "excluded_lines": []}, "RegiLatticeGUI._force_kill": {"executed_lines": [], "summary": {"covered_lines": 0, "num_statements": 2, "percent_covered": 0.0, "percent_covered_display": "0", "missing_lines": 2, "excluded_lines": 0}, "missing_lines": [1727, 1729], "excluded_lines": []}, "RegiLatticeGUI._setup_tray": {"executed_lines": [1735, 1736, 1737, 1738, 1739], "summary": {"covered_lines": 5, "num_statements": 9, "percent_covered": 55.55555555555556, "percent_covered_display": "56", "missing_lines": 4, "excluded_lines": 0}, "missing_lines": [1740, 1741, 1742, 1743], "excluded_lines": []}, "RegiLatticeGUI._create_tray_icon": {"executed_lines": [], "summary": {"covered_lines": 0, "num_statements": 12, "percent_covered": 0.0, "percent_covered_display": "0", "missing_lines": 12, "excluded_lines": 0}, "missing_lines": [1747, 1748, 1749, 1751, 1759, 1768, 1769, 1770, 1771, 1773, 1774, 1775], "excluded_lines": []}, "RegiLatticeGUI._minimize_to_tray": {"executed_lines": [], "summary": {"covered_lines": 0, "num_statements": 7, "percent_covered": 0.0, "percent_covered_display": "0", "missing_lines": 7, "excluded_lines": 0}, "missing_lines": [1779, 1780, 1781, 1782, 1783, 1784, 1785], "excluded_lines": []}, "RegiLatticeGUI._restore_from_tray": {"executed_lines": [], "summary": {"covered_lines": 0, "num_statements": 3, "percent_covered": 0.0, "percent_covered_display": "0", "missing_lines": 3, "excluded_lines": 0}, "missing_lines": [1789, 1790, 1791], "excluded_lines": []}, "RegiLatticeGUI._stop_tray": {"executed_lines": [], "summary": {"covered_lines": 0, "num_statements": 4, "percent_covered": 0.0, "percent_covered_display": "0", "missing_lines": 4, "excluded_lines": 0}, "missing_lines": [1795, 1796, 1797, 1798], "excluded_lines": []}, "RegiLatticeGUI._save_collapse_state": {"executed_lines": [1804, 1805, 1806, 1807, 1808, 1809, 1810, 1811], "summary": {"covered_lines": 8, "num_statements": 10, "percent_covered": 80.0, "percent_covered_display": "80", "missing_lines": 2, "excluded_lines": 0}, "missing_lines": [1812, 1813], "excluded_lines": []}, "RegiLatticeGUI._restore_collapse_state": {"executed_lines": [1817, 1818, 1819, 1821, 1822, 1823, 1824, 1825, 1826], "summary": {"covered_lines": 9, "num_statements": 10, "percent_covered": 90.0, "percent_covered_display": "90", "missing_lines": 1, "excluded_lines": 0}, "missing_lines": [1820], "excluded_lines": []}, "RegiLatticeGUI._on_category_collapse_change": {"executed_lines": [1830], "summary": {"covered_lines": 1, "num_statements": 1, "percent_covered": 100.0, "percent_covered_display": "100", "missing_lines": 0, "excluded_lines": 0}, "missing_lines": [], "excluded_lines": []}, "RegiLatticeGUI._reorder_category": {"executed_lines": [1836, 1837, 1838, 1839, 1840, 1841, 1842, 1847, 1848, 1849, 1850, 1851, 1852, 1854], "summary": {"covered_lines": 14, "num_statements": 15, "percent_covered": 93.33333333333333, "percent_covered_display": "93", "missing_lines": 1, "excluded_lines": 0}, "missing_lines": [1853], "excluded_lines": []}, "RegiLatticeGUI._save_category_order": {"executed_lines": [1858, 1859, 1860, 1861], "summary": {"covered_lines": 4, "num_statements": 6, "percent_covered": 66.66666666666667, "percent_covered_display": "67", "missing_lines": 2, "excluded_lines": 0}, "missing_lines": [1862, 1863], "excluded_lines": []}, "RegiLatticeGUI._load_category_order": {"executed_lines": [1868, 1869, 1870, 1871, 1872, 1873, 1874], "summary": {"covered_lines": 7, "num_statements": 7, "percent_covered": 100.0, "percent_covered_display": "100", "missing_lines": 0, "excluded_lines": 0}, "missing_lines": [], "excluded_lines": []}, "RegiLatticeGUI._load_search_history": {"executed_lines": [1881, 1882, 1883, 1884, 1885, 1886, 1887], "summary": {"covered_lines": 7, "num_statements": 7, "percent_covered": 100.0, "percent_covered_display": "100", "missing_lines": 0, "excluded_lines": 0}, "missing_lines": [], "excluded_lines": []}, "RegiLatticeGUI._commit_search": {"executed_lines": [1891, 1892, 1893, 1895, 1896, 1897, 1898, 1899, 1900], "summary": {"covered_lines": 9, "num_statements": 9, "percent_covered": 100.0, "percent_covered_display": "100", "missing_lines": 0, "excluded_lines": 0}, "missing_lines": [], "excluded_lines": []}, "RegiLatticeGUI._save_search_history": {"executed_lines": [1904, 1905, 1906], "summary": {"covered_lines": 3, "num_statements": 5, "percent_covered": 60.0, "percent_covered_display": "60", "missing_lines": 2, "excluded_lines": 0}, "missing_lines": [1907, 1908], "excluded_lines": []}, "RegiLatticeGUI._save_preferences": {"executed_lines": [1914, 1920, 1921, 1922], "summary": {"covered_lines": 4, "num_statements": 6, "percent_covered": 66.66666666666667, "percent_covered_display": "67", "missing_lines": 2, "excluded_lines": 0}, "missing_lines": [1923, 1924], "excluded_lines": []}, "RegiLatticeGUI._restore_preferences": {"executed_lines": [1928, 1929, 1930, 1931, 1932, 1933, 1935, 1936, 1937, 1938, 1939, 1940, 1942, 1943, 1945, 1946, 1947, 1948, 1950, 1951, 1952, 1953], "summary": {"covered_lines": 22, "num_statements": 22, "percent_covered": 100.0, "percent_covered_display": "100", "missing_lines": 0, "excluded_lines": 0}, "missing_lines": [], "excluded_lines": []}, "RegiLatticeGUI.run": {"executed_lines": [], "summary": {"covered_lines": 0, "num_statements": 1, "percent_covered": 0.0, "percent_covered_display": "0", "missing_lines": 1, "excluded_lines": 0}, "missing_lines": [1959], "excluded_lines": []}, "launch": {"executed_lines": [1964, 1965, 1966, 1967, 1968], "summary": {"covered_lines": 5, "num_statements": 5, "percent_covered": 100.0, "percent_covered_display": "100", "missing_lines": 0, "excluded_lines": 0}, "missing_lines": [], "excluded_lines": []}, "": {"executed_lines": [1, 16, 18, 19, 20, 21, 22, 23, 24, 25, 26, 28, 29, 30, 31, 32, 33, 34, 35, 36, 37, 51, 53, 60, 61, 62, 63, 64, 65, 66, 67, 68, 69, 70, 71, 72, 74, 75, 76, 77, 78, 80, 81, 82, 83, 84, 85, 86, 89, 90, 91, 92, 93, 94, 95, 101, 114, 115, 117, 161, 162, 178, 179, 198, 248, 264, 282, 294, 298, 304, 701, 726, 734, 754, 760, 783, 785, 817, 818, 846, 906, 912, 917, 923, 929, 935, 936, 1017, 1022, 1025, 1030, 1034, 1051, 1060, 1071, 1086, 1092, 1112, 1148, 1154, 1163, 1175, 1181, 1187, 1198, 1217, 1232, 1247, 1248, 1324, 1371, 1390, 1391, 1419, 1420, 1446, 1452, 1458, 1473, 1507, 1552, 1561, 1635, 1642, 1653, 1658, 1678, 1679, 1690, 1699, 1706, 1725, 1733, 1745, 1777, 1787, 1793, 1802, 1815, 1828, 1834, 1856, 1865, 1866, 1878, 1879, 1889, 1902, 1912, 1926, 1957, 1962], "summary": {"covered_lines": 150, "num_statements": 150, "percent_covered": 100.0, "percent_covered_display": "100", "missing_lines": 0, "excluded_lines": 0}, "missing_lines": [], "excluded_lines": []}}, "classes": {"RegiLatticeGUI": {"executed_lines": [118, 119, 120, 121, 122, 123, 124, 126, 127, 130, 132, 133, 134, 135, 136, 137, 138, 139, 140, 141, 142, 143, 144, 145, 146, 147, 148, 149, 150, 152, 153, 154, 155, 157, 164, 165, 168, 169, 173, 174, 181, 182, 184, 185, 186, 187, 199, 200, 202, 203, 204, 205, 206, 207, 214, 219, 226, 231, 232, 233, 234, 235, 236, 237, 238, 239, 240, 241, 242, 243, 244, 250, 251, 252, 253, 254, 255, 256, 257, 258, 259, 260, 261, 262, 266, 267, 268, 269, 270, 271, 272, 273, 274, 276, 277, 279, 280, 285, 286, 287, 288, 289, 290, 291, 292, 295, 296, 299, 300, 305, 306, 309, 311, 312, 313, 314, 315, 316, 317, 318, 319, 321, 322, 323, 324, 325, 326, 327, 329, 330, 331, 332, 333, 334, 336, 337, 338, 340, 343, 344, 345, 350, 356, 357, 360, 361, 364, 365, 367, 368, 369, 370, 371, 373, 374, 375, 382, 383, 384, 391, 394, 395, 396, 403, 404, 405, 414, 415, 416, 423, 424, 434, 437, 438, 439, 446, 447, 458, 460, 467, 469, 470, 476, 477, 478, 485, 486, 489, 498, 499, 500, 501, 502, 503, 504, 505, 506, 507, 513, 514, 516, 517, 518, 520, 521, 522, 523, 524, 526, 529, 534, 535, 537, 543, 545, 551, 553, 559, 560, 563, 564, 566, 572, 578, 586, 594, 595, 597, 603, 609, 615, 621, 627, 633, 639, 646, 647, 649, 650, 653, 654, 655, 656, 657, 658, 659, 660, 661, 662, 663, 664, 665, 667, 672, 675, 676, 677, 689, 690, 691, 692, 695, 696, 736, 738, 739, 741, 743, 744, 746, 747, 749, 750, 751, 752, 762, 763, 764, 765, 766, 776, 777, 779, 780, 781, 852, 853, 854, 855, 858, 859, 860, 861, 862, 863, 864, 866, 867, 868, 869, 871, 872, 873, 874, 875, 876, 877, 878, 880, 881, 882, 883, 884, 885, 898, 899, 900, 901, 902, 907, 908, 909, 910, 913, 914, 915, 918, 919, 920, 921, 924, 925, 926, 927, 931, 932, 933, 946, 947, 948, 949, 950, 951, 952, 955, 956, 957, 958, 959, 960, 961, 962, 963, 964, 965, 966, 968, 969, 971, 973, 976, 977, 978, 980, 981, 982, 983, 985, 986, 987, 988, 989, 990, 993, 994, 996, 997, 998, 999, 1000, 1002, 1005, 1006, 1008, 1009, 1010, 1011, 1014, 1015, 1019, 1020, 1023, 1026, 1032, 1036, 1037, 1038, 1039, 1040, 1041, 1042, 1043, 1044, 1045, 1046, 1047, 1053, 1054, 1055, 1056, 1062, 1063, 1064, 1066, 1067, 1068, 1069, 1073, 1074, 1075, 1076, 1077, 1078, 1079, 1080, 1081, 1082, 1083, 1084, 1088, 1089, 1090, 1094, 1100, 1101, 1102, 1103, 1105, 1106, 1107, 1108, 1114, 1115, 1116, 1117, 1119, 1120, 1122, 1124, 1125, 1126, 1127, 1131, 1132, 1136, 1138, 1139, 1140, 1141, 1143, 1144, 1146, 1150, 1151, 1152, 1156, 1157, 1158, 1159, 1165, 1177, 1183, 1189, 1191, 1192, 1193, 1194, 1200, 1201, 1202, 1203, 1204, 1208, 1209, 1219, 1221, 1226, 1230, 1234, 1236, 1241, 1245, 1254, 1255, 1256, 1257, 1258, 1259, 1260, 1261, 1262, 1263, 1264, 1265, 1266, 1267, 1268, 1270, 1272, 1273, 1274, 1275, 1276, 1277, 1278, 1279, 1280, 1281, 1282, 1283, 1284, 1285, 1286, 1287, 1288, 1289, 1290, 1291, 1293, 1294, 1295, 1296, 1297, 1298, 1299, 1300, 1301, 1302, 1303, 1304, 1305, 1307, 1308, 1309, 1310, 1311, 1312, 1313, 1314, 1315, 1316, 1317, 1319, 1320, 1326, 1327, 1328, 1329, 1330, 1331, 1333, 1334, 1335, 1336, 1338, 1339, 1340, 1341, 1342, 1344, 1345, 1346, 1347, 1348, 1354, 1355, 1356, 1357, 1358, 1360, 1361, 1363, 1367, 1373, 1374, 1375, 1376, 1377, 1378, 1379, 1380, 1381, 1382, 1383, 1384, 1385, 1386, 1401, 1402, 1403, 1404, 1405, 1407, 1408, 1409, 1410, 1411, 1413, 1415, 1416, 1417, 1425, 1426, 1427, 1428, 1429, 1430, 1431, 1432, 1433, 1434, 1435, 1436, 1437, 1438, 1439, 1440, 1441, 1442, 1448, 1454, 1459, 1465, 1466, 1467, 1468, 1469, 1470, 1471, 1474, 1478, 1479, 1481, 1485, 1487, 1489, 1503, 1509, 1510, 1511, 1512, 1514, 1515, 1516, 1517, 1518, 1519, 1521, 1522, 1523, 1524, 1526, 1527, 1528, 1529, 1531, 1532, 1533, 1534, 1535, 1537, 1538, 1539, 1540, 1541, 1543, 1545, 1546, 1547, 1549, 1550, 1554, 1555, 1556, 1557, 1558, 1559, 1562, 1563, 1564, 1565, 1566, 1567, 1568, 1569, 1570, 1571, 1572, 1578, 1579, 1580, 1581, 1582, 1583, 1584, 1585, 1586, 1587, 1588, 1590, 1591, 1595, 1596, 1597, 1598, 1599, 1600, 1602, 1603, 1604, 1607, 1608, 1609, 1611, 1613, 1614, 1615, 1616, 1617, 1618, 1619, 1620, 1621, 1625, 1626, 1627, 1628, 1630, 1637, 1638, 1639, 1640, 1644, 1645, 1646, 1647, 1648, 1649, 1650, 1651, 1655, 1656, 1659, 1660, 1661, 1662, 1663, 1670, 1671, 1672, 1673, 1674, 1681, 1682, 1683, 1684, 1685, 1686, 1687, 1688, 1692, 1693, 1694, 1695, 1701, 1702, 1703, 1704, 1709, 1711, 1713, 1714, 1715, 1716, 1717, 1718, 1720, 1721, 1723, 1735, 1736, 1737, 1738, 1739, 1804, 1805, 1806, 1807, 1808, 1809, 1810, 1811, 1817, 1818, 1819, 1821, 1822, 1823, 1824, 1825, 1826, 1830, 1836, 1837, 1838, 1839, 1840, 1841, 1842, 1847, 1848, 1849, 1850, 1851, 1852, 1854, 1858, 1859, 1860, 1861, 1868, 1869, 1870, 1871, 1872, 1873, 1874, 1881, 1882, 1883, 1884, 1885, 1886, 1887, 1891, 1892, 1893, 1895, 1896, 1897, 1898, 1899, 1900, 1904, 1905, 1906, 1914, 1920, 1921, 1922, 1928, 1929, 1930, 1931, 1932, 1933, 1935, 1936, 1937, 1938, 1939, 1940, 1942, 1943, 1945, 1946, 1947, 1948, 1950, 1951, 1952, 1953], "summary": {"covered_lines": 882, "num_statements": 1039, "percent_covered": 84.8893166506256, "percent_covered_display": "85", "missing_lines": 157, "excluded_lines": 0}, "missing_lines": [170, 172, 193, 194, 275, 527, 709, 712, 714, 715, 717, 718, 720, 721, 722, 723, 724, 728, 729, 730, 731, 732, 745, 748, 756, 757, 758, 787, 788, 789, 790, 791, 798, 799, 800, 801, 802, 803, 804, 805, 806, 808, 809, 810, 812, 813, 815, 819, 821, 822, 824, 825, 826, 827, 828, 829, 830, 834, 836, 838, 840, 841, 842, 844, 856, 857, 870, 879, 886, 887, 888, 889, 890, 891, 893, 894, 895, 896, 897, 967, 991, 1003, 1004, 1012, 1222, 1223, 1224, 1227, 1228, 1237, 1238, 1239, 1242, 1243, 1364, 1365, 1490, 1491, 1492, 1493, 1494, 1495, 1496, 1497, 1498, 1499, 1500, 1501, 1542, 1544, 1592, 1629, 1696, 1697, 1727, 1729, 1740, 1741, 1742, 1743, 1747, 1748, 1749, 1751, 1759, 1768, 1769, 1770, 1771, 1773, 1774, 1775, 1779, 1780, 1781, 1782, 1783, 1784, 1785, 1789, 1790, 1791, 1795, 1796, 1797, 1798, 1812, 1813, 1820, 1853, 1862, 1863, 1907, 1908, 1923, 1924, 1959], "excluded_lines": []}, "": {"executed_lines": [1, 16, 18, 19, 20, 21, 22, 23, 24, 25, 26, 28, 29, 30, 31, 32, 33, 34, 35, 36, 37, 51, 53, 60, 61, 62, 63, 64, 65, 66, 67, 68, 69, 70, 71, 72, 74, 75, 76, 77, 78, 80, 81, 82, 83, 84, 85, 86, 89, 90, 91, 92, 93, 94, 95, 101, 103, 104, 106, 107, 108, 114, 115, 117, 161, 162, 178, 179, 198, 248, 264, 282, 294, 298, 304, 701, 726, 734, 754, 760, 783, 785, 817, 818, 846, 906, 912, 917, 923, 929, 935, 936, 1017, 1022, 1025, 1030, 1034, 1051, 1060, 1071, 1086, 1092, 1112, 1148, 1154, 1163, 1175, 1181, 1187, 1198, 1217, 1232, 1247, 1248, 1324, 1371, 1390, 1391, 1419, 1420, 1446, 1452, 1458, 1473, 1507, 1552, 1561, 1635, 1642, 1653, 1658, 1678, 1679, 1690, 1699, 1706, 1725, 1733, 1745, 1777, 1787, 1793, 1802, 1815, 1828, 1834, 1856, 1865, 1866, 1878, 1879, 1889, 1902, 1912, 1926, 1957, 1962, 1964, 1965, 1966, 1967, 1968], "summary": {"covered_lines": 160, "num_statements": 160, "percent_covered": 100.0, "percent_covered_display": "100", "missing_lines": 0, "excluded_lines": 0}, "missing_lines": [], "excluded_lines": []}}}}, "totals": {"covered_lines": 1042, "num_statements": 1199, "percent_covered": 86.90575479566306, "percent_covered_display": "87", "missing_lines": 157, "excluded_lines": 0}}
