{"meta": {"format": 3, "version": "7.11.0", "timestamp": "2026-03-09T14:43:49.651456", "branch_coverage": false, "show_contexts": false}, "files": {"regilattice\\gui.py": {"executed_lines": [1, 16, 18, 19, 20, 21, 22, 23, 24, 25, 26, 28, 29, 30, 31, 32, 33, 34, 35, 36, 37, 51, 53, 60, 61, 62, 63, 64, 65, 66, 67, 68, 69, 70, 71, 72, 74, 75, 76, 77, 78, 80, 81, 82, 83, 84, 85, 86, 89, 90, 91, 92, 93, 94, 95, 101, 103, 104, 106, 107, 108, 114, 115, 117, 118, 119, 120, 121, 122, 123, 124, 126, 127, 130, 132, 133, 134, 135, 136, 137, 138, 139, 140, 141, 142, 143, 144, 145, 146, 147, 148, 149, 150, 152, 153, 154, 155, 157, 161, 162, 164, 165, 168, 169, 173, 174, 178, 179, 181, 182, 184, 185, 186, 187, 198, 199, 200, 202, 203, 204, 205, 206, 207, 214, 219, 226, 231, 232, 233, 234, 235, 236, 237, 238, 239, 240, 241, 242, 243, 244, 248, 250, 251, 252, 253, 254, 255, 256, 257, 258, 259, 260, 261, 262, 264, 282, 285, 286, 287, 288, 289, 290, 291, 292, 294, 298, 299, 300, 304, 305, 306, 309, 311, 312, 313, 314, 315, 316, 317, 318, 319, 321, 322, 323, 324, 325, 326, 327, 329, 330, 331, 332, 333, 334, 336, 337, 338, 340, 343, 344, 345, 350, 356, 357, 360, 361, 364, 365, 367, 368, 369, 370, 371, 373, 374, 375, 382, 383, 384, 391, 394, 395, 396, 403, 404, 405, 414, 415, 416, 423, 424, 434, 437, 438, 439, 446, 447, 458, 460, 467, 469, 470, 476, 477, 478, 485, 486, 489, 498, 499, 500, 501, 502, 503, 504, 505, 506, 507, 513, 514, 516, 517, 518, 520, 521, 522, 523, 524, 526, 529, 534, 535, 537, 543, 545, 551, 553, 559, 560, 563, 564, 566, 572, 578, 586, 594, 595, 597, 603, 609, 615, 621, 627, 633, 639, 646, 647, 649, 650, 653, 654, 655, 656, 657, 658, 659, 660, 661, 662, 663, 664, 665, 667, 672, 675, 676, 677, 689, 690, 691, 692, 695, 696, 701, 726, 734, 736, 738, 739, 741, 743, 744, 746, 747, 749, 750, 751, 752, 754, 760, 762, 763, 764, 765, 766, 776, 777, 779, 780, 781, 783, 785, 817, 818, 846, 852, 853, 854, 855, 858, 859, 860, 861, 862, 863, 864, 866, 867, 868, 869, 871, 872, 873, 874, 875, 876, 877, 878, 880, 881, 882, 883, 884, 885, 898, 899, 900, 901, 902, 906, 907, 908, 909, 910, 912, 913, 914, 915, 917, 918, 919, 920, 922, 923, 924, 925, 927, 929, 930, 931, 933, 934, 944, 945, 946, 947, 948, 949, 950, 953, 954, 955, 956, 957, 958, 959, 960, 962, 964, 966, 969, 971, 974, 975, 976, 978, 979, 980, 981, 983, 1015, 1017, 1018, 1020, 1021, 1023, 1024, 1028, 1030, 1032, 1034, 1035, 1036, 1037, 1038, 1039, 1040, 1041, 1042, 1043, 1044, 1045, 1049, 1051, 1052, 1053, 1054, 1058, 1060, 1061, 1062, 1064, 1065, 1066, 1067, 1069, 1071, 1072, 1073, 1074, 1075, 1076, 1077, 1078, 1079, 1080, 1081, 1082, 1084, 1090, 1092, 1098, 1099, 1100, 1101, 1103, 1104, 1105, 1106, 1110, 1146, 1148, 1149, 1150, 1152, 1154, 1155, 1156, 1157, 1161, 1163, 1173, 1175, 1179, 1181, 1185, 1187, 1189, 1190, 1191, 1192, 1196, 1198, 1199, 1200, 1201, 1202, 1206, 1207, 1215, 1229, 1243, 1244, 1250, 1251, 1252, 1253, 1254, 1255, 1256, 1257, 1258, 1259, 1260, 1261, 1262, 1263, 1264, 1266, 1268, 1269, 1270, 1271, 1272, 1273, 1274, 1275, 1276, 1277, 1278, 1279, 1280, 1281, 1282, 1283, 1284, 1285, 1286, 1287, 1289, 1290, 1291, 1292, 1293, 1294, 1295, 1296, 1297, 1298, 1299, 1300, 1303, 1304, 1305, 1306, 1307, 1308, 1309, 1310, 1311, 1312, 1317, 1364, 1366, 1367, 1368, 1369, 1370, 1371, 1372, 1373, 1374, 1375, 1376, 1377, 1378, 1379, 1383, 1384, 1394, 1395, 1396, 1397, 1398, 1400, 1403, 1406, 1408, 1410, 1412, 1413, 1418, 1419, 1420, 1421, 1422, 1423, 1424, 1425, 1426, 1427, 1428, 1429, 1430, 1431, 1432, 1433, 1434, 1435, 1439, 1441, 1445, 1447, 1451, 1466, 1500, 1502, 1503, 1504, 1505, 1507, 1508, 1509, 1510, 1511, 1512, 1514, 1519, 1520, 1521, 1522, 1545, 1547, 1548, 1549, 1550, 1551, 1552, 1554, 1628, 1630, 1631, 1632, 1633, 1635, 1637, 1638, 1639, 1640, 1641, 1642, 1643, 1644, 1646, 1648, 1649, 1651, 1671, 1672, 1674, 1675, 1676, 1677, 1678, 1679, 1680, 1681, 1683, 1685, 1686, 1687, 1688, 1692, 1694, 1695, 1696, 1697, 1699, 1702, 1704, 1706, 1707, 1708, 1709, 1710, 1711, 1713, 1714, 1716, 1718, 1726, 1728, 1729, 1730, 1731, 1732, 1738, 1770, 1780, 1786, 1795, 1797, 1798, 1799, 1800, 1801, 1802, 1803, 1804, 1808, 1810, 1811, 1812, 1814, 1815, 1816, 1817, 1818, 1819, 1821, 1823, 1827, 1829, 1830, 1831, 1832, 1833, 1834, 1835, 1840, 1841, 1842, 1843, 1844, 1845, 1847, 1849, 1851, 1852, 1853, 1854, 1858, 1859, 1861, 1862, 1863, 1864, 1865, 1866, 1867, 1871, 1872, 1874, 1875, 1876, 1877, 1878, 1879, 1880, 1882, 1884, 1885, 1886, 1888, 1889, 1890, 1891, 1892, 1893, 1895, 1897, 1898, 1899, 1905, 1907, 1913, 1914, 1915, 1919, 1921, 1922, 1923, 1924, 1925, 1926, 1928, 1929, 1930, 1931, 1932, 1933, 1935, 1936, 1938, 1939, 1940, 1941, 1943, 1944, 1945, 1946, 1950, 1955, 1957, 1958, 1959, 1960, 1961], "summary": {"covered_lines": 836, "num_statements": 1193, "percent_covered": 70.07544006705784, "percent_covered_display": "70", "missing_lines": 357, "excluded_lines": 0}, "missing_lines": [170, 172, 193, 194, 266, 267, 268, 269, 270, 271, 272, 273, 274, 275, 276, 277, 279, 280, 295, 296, 527, 709, 712, 714, 715, 717, 718, 720, 721, 722, 723, 724, 728, 729, 730, 731, 732, 745, 748, 756, 757, 758, 787, 788, 789, 790, 791, 798, 799, 800, 801, 802, 803, 804, 805, 806, 808, 809, 810, 812, 813, 815, 819, 821, 822, 824, 825, 826, 827, 828, 829, 830, 834, 836, 838, 840, 841, 842, 844, 856, 857, 870, 879, 886, 887, 888, 889, 890, 891, 893, 894, 895, 896, 897, 961, 963, 965, 967, 984, 985, 986, 987, 988, 989, 991, 992, 994, 995, 996, 997, 998, 1000, 1001, 1002, 1003, 1004, 1006, 1007, 1008, 1009, 1010, 1012, 1013, 1086, 1087, 1088, 1112, 1113, 1114, 1115, 1117, 1118, 1120, 1122, 1123, 1124, 1125, 1129, 1130, 1134, 1136, 1137, 1138, 1139, 1141, 1142, 1144, 1217, 1219, 1220, 1221, 1223, 1224, 1225, 1227, 1231, 1233, 1234, 1235, 1237, 1238, 1239, 1241, 1301, 1313, 1319, 1320, 1321, 1322, 1323, 1324, 1326, 1327, 1328, 1329, 1331, 1332, 1333, 1334, 1335, 1337, 1338, 1339, 1340, 1341, 1347, 1348, 1349, 1350, 1351, 1353, 1354, 1356, 1357, 1358, 1360, 1401, 1402, 1404, 1409, 1452, 1458, 1459, 1460, 1461, 1462, 1463, 1464, 1467, 1471, 1472, 1474, 1478, 1480, 1482, 1483, 1484, 1485, 1486, 1487, 1488, 1489, 1490, 1491, 1492, 1493, 1494, 1496, 1515, 1516, 1517, 1524, 1525, 1526, 1527, 1528, 1530, 1531, 1532, 1533, 1534, 1535, 1536, 1537, 1538, 1539, 1540, 1542, 1543, 1555, 1556, 1557, 1558, 1559, 1560, 1561, 1562, 1563, 1564, 1565, 1571, 1572, 1573, 1574, 1575, 1576, 1577, 1578, 1579, 1580, 1581, 1583, 1584, 1585, 1588, 1589, 1590, 1591, 1592, 1593, 1595, 1596, 1597, 1600, 1601, 1602, 1604, 1606, 1607, 1608, 1609, 1610, 1611, 1612, 1613, 1614, 1618, 1619, 1620, 1621, 1622, 1623, 1652, 1653, 1654, 1655, 1656, 1663, 1664, 1665, 1666, 1667, 1689, 1690, 1720, 1722, 1733, 1734, 1735, 1736, 1740, 1741, 1742, 1744, 1752, 1761, 1762, 1763, 1764, 1766, 1767, 1768, 1772, 1773, 1774, 1775, 1776, 1777, 1778, 1782, 1783, 1784, 1788, 1789, 1790, 1791, 1805, 1806, 1813, 1846, 1855, 1856, 1900, 1901, 1916, 1917, 1952], "excluded_lines": [], "functions": {"_try_import": {"executed_lines": [103, 104, 106, 107, 108], "summary": {"covered_lines": 5, "num_statements": 5, "percent_covered": 100.0, "percent_covered_display": "100", "missing_lines": 0, "excluded_lines": 0}, "missing_lines": [], "excluded_lines": []}, "RegiLatticeGUI.__init__": {"executed_lines": [118, 119, 120, 121, 122, 123, 124, 126, 127, 130, 132, 133, 134, 135, 136, 137, 138, 139, 140, 141, 142, 143, 144, 145, 146, 147, 148, 149, 150, 152, 153, 154, 155, 157], "summary": {"covered_lines": 34, "num_statements": 34, "percent_covered": 100.0, "percent_covered_display": "100", "missing_lines": 0, "excluded_lines": 0}, "missing_lines": [], "excluded_lines": []}, "RegiLatticeGUI._enable_dpi_awareness": {"executed_lines": [164, 165, 168, 169, 173, 174], "summary": {"covered_lines": 6, "num_statements": 8, "percent_covered": 75.0, "percent_covered_display": "75", "missing_lines": 2, "excluded_lines": 0}, "missing_lines": [170, 172], "excluded_lines": []}, "RegiLatticeGUI._apply_win11_dark_titlebar": {"executed_lines": [181, 182, 184, 185, 186, 187], "summary": {"covered_lines": 6, "num_statements": 8, "percent_covered": 75.0, "percent_covered_display": "75", "missing_lines": 2, "excluded_lines": 0}, "missing_lines": [193, 194], "excluded_lines": []}, "RegiLatticeGUI._setup_styles": {"executed_lines": [199, 200, 202, 203, 204, 205, 206, 207, 214, 219, 226, 231, 232, 233, 234, 235, 236, 237, 238, 239, 240, 241, 242, 243, 244], "summary": {"covered_lines": 25, "num_statements": 25, "percent_covered": 100.0, "percent_covered_display": "100", "missing_lines": 0, "excluded_lines": 0}, "missing_lines": [], "excluded_lines": []}, "RegiLatticeGUI._bind_shortcuts": {"executed_lines": [250, 251, 252, 253, 254, 255, 256, 257, 258, 259, 260, 261, 262], "summary": {"covered_lines": 13, "num_statements": 13, "percent_covered": 100.0, "percent_covered_display": "100", "missing_lines": 0, "excluded_lines": 0}, "missing_lines": [], "excluded_lines": []}, "RegiLatticeGUI._navigate_rows": {"executed_lines": [], "summary": {"covered_lines": 0, "num_statements": 14, "percent_covered": 0.0, "percent_covered_display": "0", "missing_lines": 14, "excluded_lines": 0}, "missing_lines": [266, 267, 268, 269, 270, 271, 272, 273, 274, 275, 276, 277, 279, 280], "excluded_lines": []}, "RegiLatticeGUI._toggle_focused_row": {"executed_lines": [285, 286, 287, 288, 289, 290, 291, 292], "summary": {"covered_lines": 8, "num_statements": 8, "percent_covered": 100.0, "percent_covered_display": "100", "missing_lines": 0, "excluded_lines": 0}, "missing_lines": [], "excluded_lines": []}, "RegiLatticeGUI._focus_search": {"executed_lines": [], "summary": {"covered_lines": 0, "num_statements": 2, "percent_covered": 0.0, "percent_covered_display": "0", "missing_lines": 2, "excluded_lines": 0}, "missing_lines": [295, 296], "excluded_lines": []}, "RegiLatticeGUI._clear_search": {"executed_lines": [299, 300], "summary": {"covered_lines": 2, "num_statements": 2, "percent_covered": 100.0, "percent_covered_display": "100", "missing_lines": 0, "excluded_lines": 0}, "missing_lines": [], "excluded_lines": []}, "RegiLatticeGUI._build_ui": {"executed_lines": [305, 306, 309, 311, 312, 313, 314, 315, 316, 317, 318, 319, 321, 322, 323, 324, 325, 326, 327, 329, 330, 331, 332, 333, 334, 336, 337, 338, 340, 343, 344, 345, 350, 356, 357, 360, 361, 364, 365, 367, 368, 369, 370, 371, 373, 374, 375, 382, 383, 384, 391, 394, 395, 396, 403, 404, 405, 414, 415, 416, 423, 424, 434, 437, 438, 439, 446, 447, 458, 460, 467, 469, 470, 476, 477, 478, 485, 486, 489, 498, 499, 500, 501, 502, 503, 504, 505, 506, 507, 513, 514, 516, 517, 518, 520, 521, 522, 523, 524, 526, 529, 534, 535, 537, 543, 545, 551, 553, 559, 560, 563, 564, 566, 572, 578, 586, 594, 595, 597, 603, 609, 615, 621, 627, 633, 639, 646, 647, 649, 650, 653, 654, 655, 656, 657, 658, 659, 660, 661, 662, 663, 664, 665, 667, 672, 675, 676, 677, 689, 690, 691, 692, 695, 696], "summary": {"covered_lines": 154, "num_statements": 154, "percent_covered": 100.0, "percent_covered_display": "100", "missing_lines": 0, "excluded_lines": 0}, "missing_lines": [], "excluded_lines": []}, "RegiLatticeGUI._build_ui._on_mousewheel": {"executed_lines": [], "summary": {"covered_lines": 0, "num_statements": 1, "percent_covered": 0.0, "percent_covered_display": "0", "missing_lines": 1, "excluded_lines": 0}, "missing_lines": [527], "excluded_lines": []}, "RegiLatticeGUI._deferred_init": {"executed_lines": [], "summary": {"covered_lines": 0, "num_statements": 11, "percent_covered": 0.0, "percent_covered_display": "0", "missing_lines": 11, "excluded_lines": 0}, "missing_lines": [709, 712, 714, 715, 717, 718, 720, 721, 722, 723, 724], "excluded_lines": []}, "RegiLatticeGUI._hw_detect_worker": {"executed_lines": [], "summary": {"covered_lines": 0, "num_statements": 5, "percent_covered": 0.0, "percent_covered_display": "0", "missing_lines": 5, "excluded_lines": 0}, "missing_lines": [728, 729, 730, 731, 732], "excluded_lines": []}, "RegiLatticeGUI._apply_hw_result": {"executed_lines": [736, 738, 739, 741, 743, 744, 746, 747, 749, 750, 751, 752], "summary": {"covered_lines": 12, "num_statements": 14, "percent_covered": 85.71428571428571, "percent_covered_display": "86", "missing_lines": 2, "excluded_lines": 0}, "missing_lines": [745, 748], "excluded_lines": []}, "RegiLatticeGUI._corp_check_worker": {"executed_lines": [], "summary": {"covered_lines": 0, "num_statements": 3, "percent_covered": 0.0, "percent_covered_display": "0", "missing_lines": 3, "excluded_lines": 0}, "missing_lines": [756, 757, 758], "excluded_lines": []}, "RegiLatticeGUI._apply_corp_result": {"executed_lines": [762, 763, 764, 765, 766, 776, 777, 779, 780, 781], "summary": {"covered_lines": 10, "num_statements": 10, "percent_covered": 100.0, "percent_covered_display": "100", "missing_lines": 0, "excluded_lines": 0}, "missing_lines": [], "excluded_lines": []}, "RegiLatticeGUI._populate_batch": {"executed_lines": [], "summary": {"covered_lines": 0, "num_statements": 20, "percent_covered": 0.0, "percent_covered_display": "0", "missing_lines": 20, "excluded_lines": 0}, "missing_lines": [787, 788, 789, 790, 791, 798, 799, 800, 801, 802, 803, 804, 805, 806, 808, 809, 810, 812, 813, 815], "excluded_lines": []}, "RegiLatticeGUI._finish_loading": {"executed_lines": [], "summary": {"covered_lines": 0, "num_statements": 17, "percent_covered": 0.0, "percent_covered_display": "0", "missing_lines": 17, "excluded_lines": 0}, "missing_lines": [819, 821, 822, 824, 825, 826, 827, 828, 829, 830, 834, 836, 838, 840, 841, 842, 844], "excluded_lines": []}, "RegiLatticeGUI._wire_section_bindings": {"executed_lines": [852, 853, 854, 855, 858, 859, 860, 861, 862, 863, 864, 866, 867, 868, 869, 871, 872, 873, 874, 875, 876, 877, 878, 880, 881, 882, 883, 884, 885, 898, 899, 900, 901, 902], "summary": {"covered_lines": 34, "num_statements": 49, "percent_covered": 69.38775510204081, "percent_covered_display": "69", "missing_lines": 15, "excluded_lines": 0}, "missing_lines": [856, 857, 870, 879, 886, 887, 888, 889, 890, 891, 893, 894, 895, 896, 897], "excluded_lines": []}, "RegiLatticeGUI._select_all": {"executed_lines": [907, 908, 909, 910], "summary": {"covered_lines": 4, "num_statements": 4, "percent_covered": 100.0, "percent_covered_display": "100", "missing_lines": 0, "excluded_lines": 0}, "missing_lines": [], "excluded_lines": []}, "RegiLatticeGUI._deselect_all": {"executed_lines": [913, 914, 915], "summary": {"covered_lines": 3, "num_statements": 3, "percent_covered": 100.0, "percent_covered_display": "100", "missing_lines": 0, "excluded_lines": 0}, "missing_lines": [], "excluded_lines": []}, "RegiLatticeGUI._collapse_all": {"executed_lines": [918, 919, 920], "summary": {"covered_lines": 3, "num_statements": 3, "percent_covered": 100.0, "percent_covered_display": "100", "missing_lines": 0, "excluded_lines": 0}, "missing_lines": [], "excluded_lines": []}, "RegiLatticeGUI._expand_all": {"executed_lines": [923, 924, 925], "summary": {"covered_lines": 3, "num_statements": 3, "percent_covered": 100.0, "percent_covered_display": "100", "missing_lines": 0, "excluded_lines": 0}, "missing_lines": [], "excluded_lines": []}, "RegiLatticeGUI._debounce_filter": {"executed_lines": [929, 930, 931], "summary": {"covered_lines": 3, "num_statements": 3, "percent_covered": 100.0, "percent_covered_display": "100", "missing_lines": 0, "excluded_lines": 0}, "missing_lines": [], "excluded_lines": []}, "RegiLatticeGUI._filter_rows": {"executed_lines": [944, 945, 946, 947, 948, 949, 950, 953, 954, 955, 956, 957, 958, 959, 960, 962, 964, 966, 969, 971, 974, 975, 976, 978, 979, 980, 981, 983], "summary": {"covered_lines": 28, "num_statements": 57, "percent_covered": 49.12280701754386, "percent_covered_display": "49", "missing_lines": 29, "excluded_lines": 0}, "missing_lines": [961, 963, 965, 967, 984, 985, 986, 987, 988, 989, 991, 992, 994, 995, 996, 997, 998, 1000, 1001, 1002, 1003, 1004, 1006, 1007, 1008, 1009, 1010, 1012, 1013], "excluded_lines": []}, "RegiLatticeGUI._update_selection_count": {"executed_lines": [1017, 1018], "summary": {"covered_lines": 2, "num_statements": 2, "percent_covered": 100.0, "percent_covered_display": "100", "missing_lines": 0, "excluded_lines": 0}, "missing_lines": [], "excluded_lines": []}, "RegiLatticeGUI._set_status": {"executed_lines": [1021], "summary": {"covered_lines": 1, "num_statements": 1, "percent_covered": 100.0, "percent_covered_display": "100", "missing_lines": 0, "excluded_lines": 0}, "missing_lines": [], "excluded_lines": []}, "RegiLatticeGUI._selected_tweaks": {"executed_lines": [1024], "summary": {"covered_lines": 1, "num_statements": 1, "percent_covered": 100.0, "percent_covered_display": "100", "missing_lines": 0, "excluded_lines": 0}, "missing_lines": [], "excluded_lines": []}, "RegiLatticeGUI._on_row_click": {"executed_lines": [1030], "summary": {"covered_lines": 1, "num_statements": 1, "percent_covered": 100.0, "percent_covered_display": "100", "missing_lines": 0, "excluded_lines": 0}, "missing_lines": [], "excluded_lines": []}, "RegiLatticeGUI._on_shift_click": {"executed_lines": [1034, 1035, 1036, 1037, 1038, 1039, 1040, 1041, 1042, 1043, 1044, 1045], "summary": {"covered_lines": 12, "num_statements": 12, "percent_covered": 100.0, "percent_covered_display": "100", "missing_lines": 0, "excluded_lines": 0}, "missing_lines": [], "excluded_lines": []}, "RegiLatticeGUI._invert_selection": {"executed_lines": [1051, 1052, 1053, 1054], "summary": {"covered_lines": 4, "num_statements": 4, "percent_covered": 100.0, "percent_covered_display": "100", "missing_lines": 0, "excluded_lines": 0}, "missing_lines": [], "excluded_lines": []}, "RegiLatticeGUI._toggle_log_panel": {"executed_lines": [1060, 1061, 1062, 1064, 1065, 1066, 1067], "summary": {"covered_lines": 7, "num_statements": 7, "percent_covered": 100.0, "percent_covered_display": "100", "missing_lines": 0, "excluded_lines": 0}, "missing_lines": [], "excluded_lines": []}, "RegiLatticeGUI._refresh_log": {"executed_lines": [1071, 1072, 1073, 1074, 1075, 1076, 1077, 1078, 1079, 1080, 1081, 1082], "summary": {"covered_lines": 12, "num_statements": 12, "percent_covered": 100.0, "percent_covered_display": "100", "missing_lines": 0, "excluded_lines": 0}, "missing_lines": [], "excluded_lines": []}, "RegiLatticeGUI._auto_refresh_log": {"executed_lines": [], "summary": {"covered_lines": 0, "num_statements": 3, "percent_covered": 0.0, "percent_covered_display": "0", "missing_lines": 3, "excluded_lines": 0}, "missing_lines": [1086, 1087, 1088], "excluded_lines": []}, "RegiLatticeGUI._export_log": {"executed_lines": [1092, 1098, 1099, 1100, 1101, 1103, 1104, 1105, 1106], "summary": {"covered_lines": 9, "num_statements": 9, "percent_covered": 100.0, "percent_covered_display": "100", "missing_lines": 0, "excluded_lines": 0}, "missing_lines": [], "excluded_lines": []}, "RegiLatticeGUI._show_context_menu": {"executed_lines": [], "summary": {"covered_lines": 0, "num_statements": 21, "percent_covered": 0.0, "percent_covered_display": "0", "missing_lines": 21, "excluded_lines": 0}, "missing_lines": [1112, 1113, 1114, 1115, 1117, 1118, 1120, 1122, 1123, 1124, 1125, 1129, 1130, 1134, 1136, 1137, 1138, 1139, 1141, 1142, 1144], "excluded_lines": []}, "RegiLatticeGUI._copy_to_clipboard": {"executed_lines": [1148, 1149, 1150], "summary": {"covered_lines": 3, "num_statements": 3, "percent_covered": 100.0, "percent_covered_display": "100", "missing_lines": 0, "excluded_lines": 0}, "missing_lines": [], "excluded_lines": []}, "RegiLatticeGUI._select_category": {"executed_lines": [1154, 1155, 1156, 1157], "summary": {"covered_lines": 4, "num_statements": 4, "percent_covered": 100.0, "percent_covered_display": "100", "missing_lines": 0, "excluded_lines": 0}, "missing_lines": [], "excluded_lines": []}, "RegiLatticeGUI._import_json_selection": {"executed_lines": [1163], "summary": {"covered_lines": 1, "num_statements": 1, "percent_covered": 100.0, "percent_covered_display": "100", "missing_lines": 0, "excluded_lines": 0}, "missing_lines": [], "excluded_lines": []}, "RegiLatticeGUI._open_scoop_manager": {"executed_lines": [1175], "summary": {"covered_lines": 1, "num_statements": 1, "percent_covered": 100.0, "percent_covered_display": "100", "missing_lines": 0, "excluded_lines": 0}, "missing_lines": [], "excluded_lines": []}, "RegiLatticeGUI._open_psmodule_manager": {"executed_lines": [1181], "summary": {"covered_lines": 1, "num_statements": 1, "percent_covered": 100.0, "percent_covered_display": "100", "missing_lines": 0, "excluded_lines": 0}, "missing_lines": [], "excluded_lines": []}, "RegiLatticeGUI._show_about": {"executed_lines": [1187, 1189, 1190, 1191, 1192], "summary": {"covered_lines": 5, "num_statements": 5, "percent_covered": 100.0, "percent_covered_display": "100", "missing_lines": 0, "excluded_lines": 0}, "missing_lines": [], "excluded_lines": []}, "RegiLatticeGUI._batch_category": {"executed_lines": [1198, 1199, 1200, 1201, 1202, 1206, 1207], "summary": {"covered_lines": 7, "num_statements": 7, "percent_covered": 100.0, "percent_covered_display": "100", "missing_lines": 0, "excluded_lines": 0}, "missing_lines": [], "excluded_lines": []}, "RegiLatticeGUI._initial_refresh": {"executed_lines": [], "summary": {"covered_lines": 0, "num_statements": 4, "percent_covered": 0.0, "percent_covered_display": "0", "missing_lines": 4, "excluded_lines": 0}, "missing_lines": [1217, 1219, 1223, 1227], "excluded_lines": []}, "RegiLatticeGUI._initial_refresh._on_progress": {"executed_lines": [], "summary": {"covered_lines": 0, "num_statements": 2, "percent_covered": 0.0, "percent_covered_display": "0", "missing_lines": 2, "excluded_lines": 0}, "missing_lines": [1220, 1221], "excluded_lines": []}, "RegiLatticeGUI._initial_refresh._worker": {"executed_lines": [], "summary": {"covered_lines": 0, "num_statements": 2, "percent_covered": 0.0, "percent_covered_display": "0", "missing_lines": 2, "excluded_lines": 0}, "missing_lines": [1224, 1225], "excluded_lines": []}, "RegiLatticeGUI._refresh_status_all": {"executed_lines": [], "summary": {"covered_lines": 0, "num_statements": 4, "percent_covered": 0.0, "percent_covered_display": "0", "missing_lines": 4, "excluded_lines": 0}, "missing_lines": [1231, 1233, 1237, 1241], "excluded_lines": []}, "RegiLatticeGUI._refresh_status_all._on_progress": {"executed_lines": [], "summary": {"covered_lines": 0, "num_statements": 2, "percent_covered": 0.0, "percent_covered_display": "0", "missing_lines": 2, "excluded_lines": 0}, "missing_lines": [1234, 1235], "excluded_lines": []}, "RegiLatticeGUI._refresh_status_all._worker": {"executed_lines": [], "summary": {"covered_lines": 0, "num_statements": 2, "percent_covered": 0.0, "percent_covered_display": "0", "missing_lines": 2, "excluded_lines": 0}, "missing_lines": [1238, 1239], "excluded_lines": []}, "RegiLatticeGUI._apply_statuses": {"executed_lines": [1250, 1251, 1252, 1253, 1254, 1255, 1256, 1257, 1258, 1259, 1260, 1261, 1262, 1263, 1264, 1266, 1268, 1269, 1270, 1271, 1272, 1273, 1274, 1275, 1276, 1277, 1278, 1279, 1280, 1281, 1282, 1283, 1284, 1285, 1286, 1287, 1289, 1290, 1291, 1292, 1293, 1294, 1295, 1296, 1297, 1298, 1299, 1300, 1303, 1304, 1305, 1306, 1307, 1308, 1309, 1310, 1311, 1312], "summary": {"covered_lines": 58, "num_statements": 60, "percent_covered": 96.66666666666667, "percent_covered_display": "97", "missing_lines": 2, "excluded_lines": 0}, "missing_lines": [1301, 1313], "excluded_lines": []}, "RegiLatticeGUI._toggle_single": {"executed_lines": [], "summary": {"covered_lines": 0, "num_statements": 17, "percent_covered": 0.0, "percent_covered_display": "0", "missing_lines": 17, "excluded_lines": 0}, "missing_lines": [1319, 1320, 1321, 1322, 1323, 1324, 1326, 1327, 1328, 1329, 1331, 1332, 1333, 1334, 1335, 1337, 1360], "excluded_lines": []}, "RegiLatticeGUI._toggle_single._worker": {"executed_lines": [], "summary": {"covered_lines": 0, "num_statements": 14, "percent_covered": 0.0, "percent_covered_display": "0", "missing_lines": 14, "excluded_lines": 0}, "missing_lines": [1338, 1339, 1340, 1341, 1347, 1348, 1349, 1350, 1351, 1353, 1354, 1356, 1357, 1358], "excluded_lines": []}, "RegiLatticeGUI._apply_profile_selection": {"executed_lines": [1366, 1367, 1368, 1369, 1370, 1371, 1372, 1373, 1374, 1375, 1376, 1377, 1378, 1379], "summary": {"covered_lines": 14, "num_statements": 14, "percent_covered": 100.0, "percent_covered_display": "100", "missing_lines": 0, "excluded_lines": 0}, "missing_lines": [], "excluded_lines": []}, "RegiLatticeGUI._switch_theme": {"executed_lines": [1394, 1395, 1396, 1397, 1398, 1400, 1403, 1406, 1408, 1410], "summary": {"covered_lines": 10, "num_statements": 14, "percent_covered": 71.42857142857143, "percent_covered_display": "71", "missing_lines": 4, "excluded_lines": 0}, "missing_lines": [1401, 1402, 1404, 1409], "excluded_lines": []}, "RegiLatticeGUI._reload_theme_aliases": {"executed_lines": [1418, 1419, 1420, 1421, 1422, 1423, 1424, 1425, 1426, 1427, 1428, 1429, 1430, 1431, 1432, 1433, 1434, 1435], "summary": {"covered_lines": 18, "num_statements": 18, "percent_covered": 100.0, "percent_covered_display": "100", "missing_lines": 0, "excluded_lines": 0}, "missing_lines": [], "excluded_lines": []}, "RegiLatticeGUI._export_powershell": {"executed_lines": [1441], "summary": {"covered_lines": 1, "num_statements": 1, "percent_covered": 100.0, "percent_covered_display": "100", "missing_lines": 0, "excluded_lines": 0}, "missing_lines": [], "excluded_lines": []}, "RegiLatticeGUI._export_json_selection": {"executed_lines": [1447], "summary": {"covered_lines": 1, "num_statements": 1, "percent_covered": 100.0, "percent_covered_display": "100", "missing_lines": 0, "excluded_lines": 0}, "missing_lines": [], "excluded_lines": []}, "RegiLatticeGUI._save_snapshot": {"executed_lines": [], "summary": {"covered_lines": 0, "num_statements": 8, "percent_covered": 0.0, "percent_covered_display": "0", "missing_lines": 8, "excluded_lines": 0}, "missing_lines": [1452, 1458, 1459, 1460, 1461, 1462, 1463, 1464], "excluded_lines": []}, "RegiLatticeGUI._restore_snapshot": {"executed_lines": [], "summary": {"covered_lines": 0, "num_statements": 8, "percent_covered": 0.0, "percent_covered_display": "0", "missing_lines": 8, "excluded_lines": 0}, "missing_lines": [1467, 1471, 1472, 1474, 1478, 1480, 1482, 1496], "excluded_lines": []}, "RegiLatticeGUI._restore_snapshot._worker": {"executed_lines": [], "summary": {"covered_lines": 0, "num_statements": 12, "percent_covered": 0.0, "percent_covered_display": "0", "missing_lines": 12, "excluded_lines": 0}, "missing_lines": [1483, 1484, 1485, 1486, 1487, 1488, 1489, 1490, 1491, 1492, 1493, 1494], "excluded_lines": []}, "RegiLatticeGUI._dispatch": {"executed_lines": [1502, 1503, 1504, 1505, 1507, 1508, 1509, 1510, 1511, 1512, 1514, 1519, 1520, 1521, 1522], "summary": {"covered_lines": 15, "num_statements": 36, "percent_covered": 41.666666666666664, "percent_covered_display": "42", "missing_lines": 21, "excluded_lines": 0}, "missing_lines": [1515, 1516, 1517, 1524, 1525, 1526, 1527, 1528, 1530, 1531, 1532, 1533, 1534, 1535, 1536, 1537, 1538, 1539, 1540, 1542, 1543], "excluded_lines": []}, "RegiLatticeGUI._set_running": {"executed_lines": [1547, 1548, 1549, 1550, 1551, 1552], "summary": {"covered_lines": 6, "num_statements": 6, "percent_covered": 100.0, "percent_covered_display": "100", "missing_lines": 0, "excluded_lines": 0}, "missing_lines": [], "excluded_lines": []}, "RegiLatticeGUI._run_tweaks": {"executed_lines": [], "summary": {"covered_lines": 0, "num_statements": 53, "percent_covered": 0.0, "percent_covered_display": "0", "missing_lines": 53, "excluded_lines": 0}, "missing_lines": [1555, 1556, 1557, 1558, 1559, 1560, 1561, 1562, 1563, 1564, 1565, 1571, 1572, 1573, 1574, 1575, 1576, 1577, 1578, 1579, 1580, 1581, 1583, 1584, 1585, 1588, 1589, 1590, 1591, 1592, 1593, 1595, 1596, 1597, 1600, 1601, 1602, 1604, 1606, 1607, 1608, 1609, 1610, 1611, 1612, 1613, 1614, 1618, 1619, 1620, 1621, 1622, 1623], "excluded_lines": []}, "RegiLatticeGUI._offer_rollback": {"executed_lines": [1630, 1631, 1632, 1633], "summary": {"covered_lines": 4, "num_statements": 4, "percent_covered": 100.0, "percent_covered_display": "100", "missing_lines": 0, "excluded_lines": 0}, "missing_lines": [], "excluded_lines": []}, "RegiLatticeGUI._undo_last": {"executed_lines": [1637, 1638, 1639, 1640, 1641, 1642, 1643, 1644], "summary": {"covered_lines": 8, "num_statements": 8, "percent_covered": 100.0, "percent_covered_display": "100", "missing_lines": 0, "excluded_lines": 0}, "missing_lines": [], "excluded_lines": []}, "RegiLatticeGUI._dispatch_raw": {"executed_lines": [1648, 1649], "summary": {"covered_lines": 2, "num_statements": 2, "percent_covered": 100.0, "percent_covered_display": "100", "missing_lines": 0, "excluded_lines": 0}, "missing_lines": [], "excluded_lines": []}, "RegiLatticeGUI._run_restore_point": {"executed_lines": [], "summary": {"covered_lines": 0, "num_statements": 10, "percent_covered": 0.0, "percent_covered_display": "0", "missing_lines": 10, "excluded_lines": 0}, "missing_lines": [1652, 1653, 1654, 1655, 1656, 1663, 1664, 1665, 1666, 1667], "excluded_lines": []}, "RegiLatticeGUI._load_geometry": {"executed_lines": [1674, 1675, 1676, 1677, 1678, 1679, 1680, 1681], "summary": {"covered_lines": 8, "num_statements": 8, "percent_covered": 100.0, "percent_covered_display": "100", "missing_lines": 0, "excluded_lines": 0}, "missing_lines": [], "excluded_lines": []}, "RegiLatticeGUI._save_geometry": {"executed_lines": [1685, 1686, 1687, 1688], "summary": {"covered_lines": 4, "num_statements": 6, "percent_covered": 66.66666666666667, "percent_covered_display": "67", "missing_lines": 2, "excluded_lines": 0}, "missing_lines": [1689, 1690], "excluded_lines": []}, "RegiLatticeGUI._on_close": {"executed_lines": [1694, 1695, 1696, 1697], "summary": {"covered_lines": 4, "num_statements": 4, "percent_covered": 100.0, "percent_covered_display": "100", "missing_lines": 0, "excluded_lines": 0}, "missing_lines": [], "excluded_lines": []}, "RegiLatticeGUI._quit": {"executed_lines": [1702, 1704, 1706, 1716], "summary": {"covered_lines": 4, "num_statements": 4, "percent_covered": 100.0, "percent_covered_display": "100", "missing_lines": 0, "excluded_lines": 0}, "missing_lines": [], "excluded_lines": []}, "RegiLatticeGUI._quit._save_and_destroy": {"executed_lines": [1707, 1708, 1709, 1710, 1711, 1713, 1714], "summary": {"covered_lines": 7, "num_statements": 7, "percent_covered": 100.0, "percent_covered_display": "100", "missing_lines": 0, "excluded_lines": 0}, "missing_lines": [], "excluded_lines": []}, "RegiLatticeGUI._force_kill": {"executed_lines": [], "summary": {"covered_lines": 0, "num_statements": 2, "percent_covered": 0.0, "percent_covered_display": "0", "missing_lines": 2, "excluded_lines": 0}, "missing_lines": [1720, 1722], "excluded_lines": []}, "RegiLatticeGUI._setup_tray": {"executed_lines": [1728, 1729, 1730, 1731, 1732], "summary": {"covered_lines": 5, "num_statements": 9, "percent_covered": 55.55555555555556, "percent_covered_display": "56", "missing_lines": 4, "excluded_lines": 0}, "missing_lines": [1733, 1734, 1735, 1736], "excluded_lines": []}, "RegiLatticeGUI._create_tray_icon": {"executed_lines": [], "summary": {"covered_lines": 0, "num_statements": 12, "percent_covered": 0.0, "percent_covered_display": "0", "missing_lines": 12, "excluded_lines": 0}, "missing_lines": [1740, 1741, 1742, 1744, 1752, 1761, 1762, 1763, 1764, 1766, 1767, 1768], "excluded_lines": []}, "RegiLatticeGUI._minimize_to_tray": {"executed_lines": [], "summary": {"covered_lines": 0, "num_statements": 7, "percent_covered": 0.0, "percent_covered_display": "0", "missing_lines": 7, "excluded_lines": 0}, "missing_lines": [1772, 1773, 1774, 1775, 1776, 1777, 1778], "excluded_lines": []}, "RegiLatticeGUI._restore_from_tray": {"executed_lines": [], "summary": {"covered_lines": 0, "num_statements": 3, "percent_covered": 0.0, "percent_covered_display": "0", "missing_lines": 3, "excluded_lines": 0}, "missing_lines": [1782, 1783, 1784], "excluded_lines": []}, "RegiLatticeGUI._stop_tray": {"executed_lines": [], "summary": {"covered_lines": 0, "num_statements": 4, "percent_covered": 0.0, "percent_covered_display": "0", "missing_lines": 4, "excluded_lines": 0}, "missing_lines": [1788, 1789, 1790, 1791], "excluded_lines": []}, "RegiLatticeGUI._save_collapse_state": {"executed_lines": [1797, 1798, 1799, 1800, 1801, 1802, 1803, 1804], "summary": {"covered_lines": 8, "num_statements": 10, "percent_covered": 80.0, "percent_covered_display": "80", "missing_lines": 2, "excluded_lines": 0}, "missing_lines": [1805, 1806], "excluded_lines": []}, "RegiLatticeGUI._restore_collapse_state": {"executed_lines": [1810, 1811, 1812, 1814, 1815, 1816, 1817, 1818, 1819], "summary": {"covered_lines": 9, "num_statements": 10, "percent_covered": 90.0, "percent_covered_display": "90", "missing_lines": 1, "excluded_lines": 0}, "missing_lines": [1813], "excluded_lines": []}, "RegiLatticeGUI._on_category_collapse_change": {"executed_lines": [1823], "summary": {"covered_lines": 1, "num_statements": 1, "percent_covered": 100.0, "percent_covered_display": "100", "missing_lines": 0, "excluded_lines": 0}, "missing_lines": [], "excluded_lines": []}, "RegiLatticeGUI._reorder_category": {"executed_lines": [1829, 1830, 1831, 1832, 1833, 1834, 1835, 1840, 1841, 1842, 1843, 1844, 1845, 1847], "summary": {"covered_lines": 14, "num_statements": 15, "percent_covered": 93.33333333333333, "percent_covered_display": "93", "missing_lines": 1, "excluded_lines": 0}, "missing_lines": [1846], "excluded_lines": []}, "RegiLatticeGUI._save_category_order": {"executed_lines": [1851, 1852, 1853, 1854], "summary": {"covered_lines": 4, "num_statements": 6, "percent_covered": 66.66666666666667, "percent_covered_display": "67", "missing_lines": 2, "excluded_lines": 0}, "missing_lines": [1855, 1856], "excluded_lines": []}, "RegiLatticeGUI._load_category_order": {"executed_lines": [1861, 1862, 1863, 1864, 1865, 1866, 1867], "summary": {"covered_lines": 7, "num_statements": 7, "percent_covered": 100.0, "percent_covered_display": "100", "missing_lines": 0, "excluded_lines": 0}, "missing_lines": [], "excluded_lines": []}, "RegiLatticeGUI._load_search_history": {"executed_lines": [1874, 1875, 1876, 1877, 1878, 1879, 1880], "summary": {"covered_lines": 7, "num_statements": 7, "percent_covered": 100.0, "percent_covered_display": "100", "missing_lines": 0, "excluded_lines": 0}, "missing_lines": [], "excluded_lines": []}, "RegiLatticeGUI._commit_search": {"executed_lines": [1884, 1885, 1886, 1888, 1889, 1890, 1891, 1892, 1893], "summary": {"covered_lines": 9, "num_statements": 9, "percent_covered": 100.0, "percent_covered_display": "100", "missing_lines": 0, "excluded_lines": 0}, "missing_lines": [], "excluded_lines": []}, "RegiLatticeGUI._save_search_history": {"executed_lines": [1897, 1898, 1899], "summary": {"covered_lines": 3, "num_statements": 5, "percent_covered": 60.0, "percent_covered_display": "60", "missing_lines": 2, "excluded_lines": 0}, "missing_lines": [1900, 1901], "excluded_lines": []}, "RegiLatticeGUI._save_preferences": {"executed_lines": [1907, 1913, 1914, 1915], "summary": {"covered_lines": 4, "num_statements": 6, "percent_covered": 66.66666666666667, "percent_covered_display": "67", "missing_lines": 2, "excluded_lines": 0}, "missing_lines": [1916, 1917], "excluded_lines": []}, "RegiLatticeGUI._restore_preferences": {"executed_lines": [1921, 1922, 1923, 1924, 1925, 1926, 1928, 1929, 1930, 1931, 1932, 1933, 1935, 1936, 1938, 1939, 1940, 1941, 1943, 1944, 1945, 1946], "summary": {"covered_lines": 22, "num_statements": 22, "percent_covered": 100.0, "percent_covered_display": "100", "missing_lines": 0, "excluded_lines": 0}, "missing_lines": [], "excluded_lines": []}, "RegiLatticeGUI.run": {"executed_lines": [], "summary": {"covered_lines": 0, "num_statements": 1, "percent_covered": 0.0, "percent_covered_display": "0", "missing_lines": 1, "excluded_lines": 0}, "missing_lines": [1952], "excluded_lines": []}, "launch": {"executed_lines": [1957, 1958, 1959, 1960, 1961], "summary": {"covered_lines": 5, "num_statements": 5, "percent_covered": 100.0, "percent_covered_display": "100", "missing_lines": 0, "excluded_lines": 0}, "missing_lines": [], "excluded_lines": []}, "": {"executed_lines": [1, 16, 18, 19, 20, 21, 22, 23, 24, 25, 26, 28, 29, 30, 31, 32, 33, 34, 35, 36, 37, 51, 53, 60, 61, 62, 63, 64, 65, 66, 67, 68, 69, 70, 71, 72, 74, 75, 76, 77, 78, 80, 81, 82, 83, 84, 85, 86, 89, 90, 91, 92, 93, 94, 95, 101, 114, 115, 117, 161, 162, 178, 179, 198, 248, 264, 282, 294, 298, 304, 701, 726, 734, 754, 760, 783, 785, 817, 818, 846, 906, 912, 917, 922, 927, 933, 934, 1015, 1020, 1023, 1028, 1032, 1049, 1058, 1069, 1084, 1090, 1110, 1146, 1152, 1161, 1173, 1179, 1185, 1196, 1215, 1229, 1243, 1244, 1317, 1364, 1383, 1384, 1412, 1413, 1439, 1445, 1451, 1466, 1500, 1545, 1554, 1628, 1635, 1646, 1651, 1671, 1672, 1683, 1692, 1699, 1718, 1726, 1738, 1770, 1780, 1786, 1795, 1808, 1821, 1827, 1849, 1858, 1859, 1871, 1872, 1882, 1895, 1905, 1919, 1950, 1955], "summary": {"covered_lines": 150, "num_statements": 150, "percent_covered": 100.0, "percent_covered_display": "100", "missing_lines": 0, "excluded_lines": 0}, "missing_lines": [], "excluded_lines": []}}, "classes": {"RegiLatticeGUI": {"executed_lines": [118, 119, 120, 121, 122, 123, 124, 126, 127, 130, 132, 133, 134, 135, 136, 137, 138, 139, 140, 141, 142, 143, 144, 145, 146, 147, 148, 149, 150, 152, 153, 154, 155, 157, 164, 165, 168, 169, 173, 174, 181, 182, 184, 185, 186, 187, 199, 200, 202, 203, 204, 205, 206, 207, 214, 219, 226, 231, 232, 233, 234, 235, 236, 237, 238, 239, 240, 241, 242, 243, 244, 250, 251, 252, 253, 254, 255, 256, 257, 258, 259, 260, 261, 262, 285, 286, 287, 288, 289, 290, 291, 292, 299, 300, 305, 306, 309, 311, 312, 313, 314, 315, 316, 317, 318, 319, 321, 322, 323, 324, 325, 326, 327, 329, 330, 331, 332, 333, 334, 336, 337, 338, 340, 343, 344, 345, 350, 356, 357, 360, 361, 364, 365, 367, 368, 369, 370, 371, 373, 374, 375, 382, 383, 384, 391, 394, 395, 396, 403, 404, 405, 414, 415, 416, 423, 424, 434, 437, 438, 439, 446, 447, 458, 460, 467, 469, 470, 476, 477, 478, 485, 486, 489, 498, 499, 500, 501, 502, 503, 504, 505, 506, 507, 513, 514, 516, 517, 518, 520, 521, 522, 523, 524, 526, 529, 534, 535, 537, 543, 545, 551, 553, 559, 560, 563, 564, 566, 572, 578, 586, 594, 595, 597, 603, 609, 615, 621, 627, 633, 639, 646, 647, 649, 650, 653, 654, 655, 656, 657, 658, 659, 660, 661, 662, 663, 664, 665, 667, 672, 675, 676, 677, 689, 690, 691, 692, 695, 696, 736, 738, 739, 741, 743, 744, 746, 747, 749, 750, 751, 752, 762, 763, 764, 765, 766, 776, 777, 779, 780, 781, 852, 853, 854, 855, 858, 859, 860, 861, 862, 863, 864, 866, 867, 868, 869, 871, 872, 873, 874, 875, 876, 877, 878, 880, 881, 882, 883, 884, 885, 898, 899, 900, 901, 902, 907, 908, 909, 910, 913, 914, 915, 918, 919, 920, 923, 924, 925, 929, 930, 931, 944, 945, 946, 947, 948, 949, 950, 953, 954, 955, 956, 957, 958, 959, 960, 962, 964, 966, 969, 971, 974, 975, 976, 978, 979, 980, 981, 983, 1017, 1018, 1021, 1024, 1030, 1034, 1035, 1036, 1037, 1038, 1039, 1040, 1041, 1042, 1043, 1044, 1045, 1051, 1052, 1053, 1054, 1060, 1061, 1062, 1064, 1065, 1066, 1067, 1071, 1072, 1073, 1074, 1075, 1076, 1077, 1078, 1079, 1080, 1081, 1082, 1092, 1098, 1099, 1100, 1101, 1103, 1104, 1105, 1106, 1148, 1149, 1150, 1154, 1155, 1156, 1157, 1163, 1175, 1181, 1187, 1189, 1190, 1191, 1192, 1198, 1199, 1200, 1201, 1202, 1206, 1207, 1250, 1251, 1252, 1253, 1254, 1255, 1256, 1257, 1258, 1259, 1260, 1261, 1262, 1263, 1264, 1266, 1268, 1269, 1270, 1271, 1272, 1273, 1274, 1275, 1276, 1277, 1278, 1279, 1280, 1281, 1282, 1283, 1284, 1285, 1286, 1287, 1289, 1290, 1291, 1292, 1293, 1294, 1295, 1296, 1297, 1298, 1299, 1300, 1303, 1304, 1305, 1306, 1307, 1308, 1309, 1310, 1311, 1312, 1366, 1367, 1368, 1369, 1370, 1371, 1372, 1373, 1374, 1375, 1376, 1377, 1378, 1379, 1394, 1395, 1396, 1397, 1398, 1400, 1403, 1406, 1408, 1410, 1418, 1419, 1420, 1421, 1422, 1423, 1424, 1425, 1426, 1427, 1428, 1429, 1430, 1431, 1432, 1433, 1434, 1435, 1441, 1447, 1502, 1503, 1504, 1505, 1507, 1508, 1509, 1510, 1511, 1512, 1514, 1519, 1520, 1521, 1522, 1547, 1548, 1549, 1550, 1551, 1552, 1630, 1631, 1632, 1633, 1637, 1638, 1639, 1640, 1641, 1642, 1643, 1644, 1648, 1649, 1674, 1675, 1676, 1677, 1678, 1679, 1680, 1681, 1685, 1686, 1687, 1688, 1694, 1695, 1696, 1697, 1702, 1704, 1706, 1707, 1708, 1709, 1710, 1711, 1713, 1714, 1716, 1728, 1729, 1730, 1731, 1732, 1797, 1798, 1799, 1800, 1801, 1802, 1803, 1804, 1810, 1811, 1812, 1814, 1815, 1816, 1817, 1818, 1819, 1823, 1829, 1830, 1831, 1832, 1833, 1834, 1835, 1840, 1841, 1842, 1843, 1844, 1845, 1847, 1851, 1852, 1853, 1854, 1861, 1862, 1863, 1864, 1865, 1866, 1867, 1874, 1875, 1876, 1877, 1878, 1879, 1880, 1884, 1885, 1886, 1888, 1889, 1890, 1891, 1892, 1893, 1897, 1898, 1899, 1907, 1913, 1914, 1915, 1921, 1922, 1923, 1924, 1925, 1926, 1928, 1929, 1930, 1931, 1932, 1933, 1935, 1936, 1938, 1939, 1940, 1941, 1943, 1944, 1945, 1946], "summary": {"covered_lines": 676, "num_statements": 1033, "percent_covered": 65.4404646660213, "percent_covered_display": "65", "missing_lines": 357, "excluded_lines": 0}, "missing_lines": [170, 172, 193, 194, 266, 267, 268, 269, 270, 271, 272, 273, 274, 275, 276, 277, 279, 280, 295, 296, 527, 709, 712, 714, 715, 717, 718, 720, 721, 722, 723, 724, 728, 729, 730, 731, 732, 745, 748, 756, 757, 758, 787, 788, 789, 790, 791, 798, 799, 800, 801, 802, 803, 804, 805, 806, 808, 809, 810, 812, 813, 815, 819, 821, 822, 824, 825, 826, 827, 828, 829, 830, 834, 836, 838, 840, 841, 842, 844, 856, 857, 870, 879, 886, 887, 888, 889, 890, 891, 893, 894, 895, 896, 897, 961, 963, 965, 967, 984, 985, 986, 987, 988, 989, 991, 992, 994, 995, 996, 997, 998, 1000, 1001, 1002, 1003, 1004, 1006, 1007, 1008, 1009, 1010, 1012, 1013, 1086, 1087, 1088, 1112, 1113, 1114, 1115, 1117, 1118, 1120, 1122, 1123, 1124, 1125, 1129, 1130, 1134, 1136, 1137, 1138, 1139, 1141, 1142, 1144, 1217, 1219, 1220, 1221, 1223, 1224, 1225, 1227, 1231, 1233, 1234, 1235, 1237, 1238, 1239, 1241, 1301, 1313, 1319, 1320, 1321, 1322, 1323, 1324, 1326, 1327, 1328, 1329, 1331, 1332, 1333, 1334, 1335, 1337, 1338, 1339, 1340, 1341, 1347, 1348, 1349, 1350, 1351, 1353, 1354, 1356, 1357, 1358, 1360, 1401, 1402, 1404, 1409, 1452, 1458, 1459, 1460, 1461, 1462, 1463, 1464, 1467, 1471, 1472, 1474, 1478, 1480, 1482, 1483, 1484, 1485, 1486, 1487, 1488, 1489, 1490, 1491, 1492, 1493, 1494, 1496, 1515, 1516, 1517, 1524, 1525, 1526, 1527, 1528, 1530, 1531, 1532, 1533, 1534, 1535, 1536, 1537, 1538, 1539, 1540, 1542, 1543, 1555, 1556, 1557, 1558, 1559, 1560, 1561, 1562, 1563, 1564, 1565, 1571, 1572, 1573, 1574, 1575, 1576, 1577, 1578, 1579, 1580, 1581, 1583, 1584, 1585, 1588, 1589, 1590, 1591, 1592, 1593, 1595, 1596, 1597, 1600, 1601, 1602, 1604, 1606, 1607, 1608, 1609, 1610, 1611, 1612, 1613, 1614, 1618, 1619, 1620, 1621, 1622, 1623, 1652, 1653, 1654, 1655, 1656, 1663, 1664, 1665, 1666, 1667, 1689, 1690, 1720, 1722, 1733, 1734, 1735, 1736, 1740, 1741, 1742, 1744, 1752, 1761, 1762, 1763, 1764, 1766, 1767, 1768, 1772, 1773, 1774, 1775, 1776, 1777, 1778, 1782, 1783, 1784, 1788, 1789, 1790, 1791, 1805, 1806, 1813, 1846, 1855, 1856, 1900, 1901, 1916, 1917, 1952], "excluded_lines": []}, "": {"executed_lines": [1, 16, 18, 19, 20, 21, 22, 23, 24, 25, 26, 28, 29, 30, 31, 32, 33, 34, 35, 36, 37, 51, 53, 60, 61, 62, 63, 64, 65, 66, 67, 68, 69, 70, 71, 72, 74, 75, 76, 77, 78, 80, 81, 82, 83, 84, 85, 86, 89, 90, 91, 92, 93, 94, 95, 101, 103, 104, 106, 107, 108, 114, 115, 117, 161, 162, 178, 179, 198, 248, 264, 282, 294, 298, 304, 701, 726, 734, 754, 760, 783, 785, 817, 818, 846, 906, 912, 917, 922, 927, 933, 934, 1015, 1020, 1023, 1028, 1032, 1049, 1058, 1069, 1084, 1090, 1110, 1146, 1152, 1161, 1173, 1179, 1185, 1196, 1215, 1229, 1243, 1244, 1317, 1364, 1383, 1384, 1412, 1413, 1439, 1445, 1451, 1466, 1500, 1545, 1554, 1628, 1635, 1646, 1651, 1671, 1672, 1683, 1692, 1699, 1718, 1726, 1738, 1770, 1780, 1786, 1795, 1808, 1821, 1827, 1849, 1858, 1859, 1871, 1872, 1882, 1895, 1905, 1919, 1950, 1955, 1957, 1958, 1959, 1960, 1961], "summary": {"covered_lines": 160, "num_statements": 160, "percent_covered": 100.0, "percent_covered_display": "100", "missing_lines": 0, "excluded_lines": 0}, "missing_lines": [], "excluded_lines": []}}}}, "totals": {"covered_lines": 836, "num_statements": 1193, "percent_covered": 70.07544006705784, "percent_covered_display": "70", "missing_lines": 357, "excluded_lines": 0}}